[ 2017-03-10T11:38:55+08:00 ] ::1 /pblog/index.php/images/guestbook/face/0_%E5%BE%AE%E7%AC%91.gif
INFO: [ app_init ] --START--
INFO: Run Behavior\BuildLiteBehavior [ RunTime:0.000062s ]
INFO: [ app_init ] --END-- [ RunTime:0.000753s ]
ERR: 无法加载模块:Images

[ 2017-03-10T11:38:55+08:00 ] ::1 /pblog/index.php/images/guestbook/face/3_%E5%8F%91%E5%91%86.gif
INFO: [ app_init ] --START--
INFO: Run Behavior\BuildLiteBehavior [ RunTime:0.000072s ]
INFO: [ app_init ] --END-- [ RunTime:0.000752s ]
ERR: 无法加载模块:Images

[ 2017-03-10T11:38:55+08:00 ] ::1 /pblog/index.php/images/guestbook/face/4_%E5%BE%97%E6%84%8F.gif
INFO: [ app_init ] --START--
INFO: Run Behavior\BuildLiteBehavior [ RunTime:0.000157s ]
INFO: [ app_init ] --END-- [ RunTime:0.000837s ]
ERR: 无法加载模块:Images

[ 2017-03-10T11:38:55+08:00 ] ::1 /pblog/index.php/images/guestbook/face/6_%E5%AE%B3%E7%BE%9E.gif
INFO: [ app_init ] --START--
INFO: Run Behavior\BuildLiteBehavior [ RunTime:0.000059s ]
INFO: [ app_init ] --END-- [ RunTime:0.000835s ]
ERR: 无法加载模块:Images

[ 2017-03-10T11:38:55+08:00 ] ::1 /pblog/index.php/images/guestbook/face/5_%E6%B5%81%E6%B3%AA.gif
INFO: [ app_init ] --START--
INFO: Run Behavior\BuildLiteBehavior [ RunTime:0.000054s ]
INFO: [ app_init ] --END-- [ RunTime:0.000734s ]
ERR: 无法加载模块:Images

[ 2017-03-10T11:38:55+08:00 ] ::1 /pblog/index.php/images/guestbook/face/1_%E6%92%87%E5%98%B4.gif
INFO: [ app_init ] --START--
INFO: Run Behavior\BuildLiteBehavior [ RunTime:0.000055s ]
INFO: [ app_init ] --END-- [ RunTime:0.035034s ]
ERR: 无法加载模块:Images

[ 2017-03-10T11:38:55+08:00 ] ::1 /pblog/index.php/images/guestbook/face/2_%E8%89%B2.gif
INFO: [ app_init ] --START--
INFO: Run Behavior\BuildLiteBehavior [ RunTime:0.000052s ]
INFO: [ app_init ] --END-- [ RunTime:0.000813s ]
ERR: 无法加载模块:Images

[ 2017-03-10T11:38:55+08:00 ] ::1 /pblog/index.php/images/guestbook/face/7_%E9%97%AD%E5%98%B4.gif
INFO: [ app_init ] --START--
INFO: Run Behavior\BuildLiteBehavior [ RunTime:0.000055s ]
INFO: [ app_init ] --END-- [ RunTime:0.000755s ]
ERR: 无法加载模块:Images

[ 2017-03-10T11:38:55+08:00 ] ::1 /pblog/index.php/images/guestbook/face/10_%E5%B0%B4%E5%B0%AC.gif
INFO: [ app_init ] --START--
INFO: Run Behavior\BuildLiteBehavior [ RunTime:0.000058s ]
INFO: [ app_init ] --END-- [ RunTime:0.000871s ]
ERR: 无法加载模块:Images

[ 2017-03-10T11:38:55+08:00 ] ::1 /pblog/index.php/images/guestbook/face/14_%E6%83%8A%E8%AE%B6.gif
INFO: [ app_init ] --START--
INFO: Run Behavior\BuildLiteBehavior [ RunTime:0.000053s ]
INFO: [ app_init ] --END-- [ RunTime:0.000728s ]
ERR: 无法加载模块:Images

[ 2017-03-10T11:38:55+08:00 ] ::1 /pblog/index.php/images/guestbook/face/13_%E9%BE%87%E7%89%99.gif
INFO: [ app_init ] --START--
INFO: Run Behavior\BuildLiteBehavior [ RunTime:0.000059s ]
INFO: [ app_init ] --END-- [ RunTime:0.000785s ]
ERR: 无法加载模块:Images

[ 2017-03-10T11:38:55+08:00 ] ::1 /pblog/index.php/images/guestbook/face/9_%E5%A4%A7%E5%93%AD.gif
INFO: [ app_init ] --START--
INFO: Run Behavior\BuildLiteBehavior [ RunTime:0.000057s ]
INFO: [ app_init ] --END-- [ RunTime:0.000758s ]
ERR: 无法加载模块:Images

[ 2017-03-10T11:38:55+08:00 ] ::1 /pblog/index.php/images/guestbook/face/11_%E5%8F%91%E6%80%92.gif
INFO: [ app_init ] --START--
INFO: Run Behavior\BuildLiteBehavior [ RunTime:0.000055s ]
INFO: [ app_init ] --END-- [ RunTime:0.000735s ]
ERR: 无法加载模块:Images

[ 2017-03-10T11:38:55+08:00 ] ::1 /pblog/index.php/images/guestbook/face/12_%E8%B0%83%E7%9A%AE.gif
INFO: [ app_init ] --START--
INFO: Run Behavior\BuildLiteBehavior [ RunTime:0.000056s ]
INFO: [ app_init ] --END-- [ RunTime:0.000841s ]
ERR: 无法加载模块:Images

[ 2017-03-10T11:38:55+08:00 ] ::1 /pblog/index.php/images/guestbook/face/15_%E9%9A%BE%E8%BF%87.gif
INFO: [ app_init ] --START--
INFO: Run Behavior\BuildLiteBehavior [ RunTime:0.000050s ]
INFO: [ app_init ] --END-- [ RunTime:0.000735s ]
ERR: 无法加载模块:Images

[ 2017-03-10T11:38:55+08:00 ] ::1 /pblog/index.php/images/guestbook/face/21_%E5%8F%AF%E7%88%B1.gif
INFO: [ app_init ] --START--
INFO: Run Behavior\BuildLiteBehavior [ RunTime:0.000058s ]
INFO: [ app_init ] --END-- [ RunTime:0.000803s ]
ERR: 无法加载模块:Images

[ 2017-03-10T11:38:55+08:00 ] ::1 /pblog/index.php/images/guestbook/face/19_%E5%90%90.gif
INFO: [ app_init ] --START--
INFO: Run Behavior\BuildLiteBehavior [ RunTime:0.000051s ]
INFO: [ app_init ] --END-- [ RunTime:0.000703s ]
ERR: 无法加载模块:Images

[ 2017-03-10T11:38:55+08:00 ] ::1 /pblog/index.php/images/guestbook/face/17_%E5%86%B7%E6%B1%97.gif
INFO: [ app_init ] --START--
INFO: Run Behavior\BuildLiteBehavior [ RunTime:0.000764s ]
INFO: [ app_init ] --END-- [ RunTime:0.001809s ]
ERR: 无法加载模块:Images

[ 2017-03-10T11:38:55+08:00 ] ::1 /pblog/index.php/images/guestbook/face/18_%E6%8A%93%E7%8B%82.gif
INFO: [ app_init ] --START--
INFO: Run Behavior\BuildLiteBehavior [ RunTime:0.000417s ]
INFO: [ app_init ] --END-- [ RunTime:0.001540s ]
ERR: 无法加载模块:Images

[ 2017-03-10T11:38:55+08:00 ] ::1 /pblog/index.php/images/guestbook/face/16_%E9%85%B7.gif
INFO: [ app_init ] --START--
INFO: Run Behavior\BuildLiteBehavior [ RunTime:0.000115s ]
INFO: [ app_init ] --END-- [ RunTime:0.002439s ]
ERR: 无法加载模块:Images

[ 2017-03-10T11:38:55+08:00 ] ::1 /pblog/index.php/images/guestbook/face/20_%E5%81%B7%E7%AC%91.gif
INFO: [ app_init ] --START--
INFO: Run Behavior\BuildLiteBehavior [ RunTime:0.000057s ]
INFO: [ app_init ] --END-- [ RunTime:0.002970s ]
ERR: 无法加载模块:Images

[ 2017-03-10T11:38:55+08:00 ] ::1 /pblog/index.php/images/guestbook/face/23_%E5%82%B2%E6%85%A2.gif
INFO: [ app_init ] --START--
INFO: Run Behavior\BuildLiteBehavior [ RunTime:0.000058s ]
INFO: [ app_init ] --END-- [ RunTime:0.000940s ]
ERR: 无法加载模块:Images

[ 2017-03-10T11:38:55+08:00 ] ::1 /pblog/index.php/images/guestbook/face/24_%E9%A5%A5%E9%A5%BF.gif
INFO: [ app_init ] --START--
INFO: Run Behavior\BuildLiteBehavior [ RunTime:0.000054s ]
INFO: [ app_init ] --END-- [ RunTime:0.000765s ]
ERR: 无法加载模块:Images

[ 2017-03-10T11:38:55+08:00 ] ::1 /pblog/index.php/images/guestbook/face/26_%E6%83%8A%E6%81%90.gif
INFO: [ app_init ] --START--
INFO: Run Behavior\BuildLiteBehavior [ RunTime:0.000063s ]
INFO: [ app_init ] --END-- [ RunTime:0.000787s ]
ERR: 无法加载模块:Images

[ 2017-03-10T11:38:55+08:00 ] ::1 /pblog/index.php/images/guestbook/face/22_%E7%99%BD%E7%9C%BC.gif
INFO: [ app_init ] --START--
INFO: Run Behavior\BuildLiteBehavior [ RunTime:0.000056s ]
INFO: [ app_init ] --END-- [ RunTime:0.001296s ]
ERR: 无法加载模块:Images

[ 2017-03-10T11:38:55+08:00 ] ::1 /pblog/index.php/images/guestbook/face/27_%E6%B5%81%E6%B1%97.gif
INFO: [ app_init ] --START--
INFO: Run Behavior\BuildLiteBehavior [ RunTime:0.000052s ]
INFO: [ app_init ] --END-- [ RunTime:0.002705s ]
ERR: 无法加载模块:Images

[ 2017-03-10T11:38:55+08:00 ] ::1 /pblog/index.php/images/guestbook/face/25_%E5%9B%B0.gif
INFO: [ app_init ] --START--
INFO: Run Behavior\BuildLiteBehavior [ RunTime:0.000056s ]
INFO: [ app_init ] --END-- [ RunTime:0.000975s ]
ERR: 无法加载模块:Images

[ 2017-03-10T11:38:55+08:00 ] ::1 /pblog/index.php/images/guestbook/face/28_%E6%86%A8%E7%AC%91.gif
INFO: [ app_init ] --START--
INFO: Run Behavior\BuildLiteBehavior [ RunTime:0.000054s ]
INFO: [ app_init ] --END-- [ RunTime:0.000734s ]
ERR: 无法加载模块:Images

[ 2017-03-10T11:38:55+08:00 ] ::1 /pblog/index.php/images/guestbook/face/29_%E5%A4%A7%E5%85%B5.gif
INFO: [ app_init ] --START--
INFO: Run Behavior\BuildLiteBehavior [ RunTime:0.000078s ]
INFO: [ app_init ] --END-- [ RunTime:0.001872s ]
ERR: 无法加载模块:Images

[ 2017-03-10T11:38:55+08:00 ] ::1 /pblog/index.php/images/guestbook/face/31_%E5%92%92%E9%AA%82.gif
INFO: [ app_init ] --START--
INFO: Run Behavior\BuildLiteBehavior [ RunTime:0.000053s ]
INFO: [ app_init ] --END-- [ RunTime:0.000730s ]
ERR: 无法加载模块:Images

[ 2017-03-10T11:38:55+08:00 ] ::1 /pblog/index.php/images/guestbook/face/33_%E5%98%98.gif
INFO: [ app_init ] --START--
INFO: Run Behavior\BuildLiteBehavior [ RunTime:0.000068s ]
INFO: [ app_init ] --END-- [ RunTime:0.000768s ]
ERR: 无法加载模块:Images

[ 2017-03-10T11:38:55+08:00 ] ::1 /pblog/index.php/images/guestbook/face/30_%E5%A5%8B%E6%96%97.gif
INFO: [ app_init ] --START--
INFO: Run Behavior\BuildLiteBehavior [ RunTime:0.000056s ]
INFO: [ app_init ] --END-- [ RunTime:0.000796s ]
ERR: 无法加载模块:Images

[ 2017-03-10T11:38:55+08:00 ] ::1 /pblog/index.php/images/guestbook/face/32_%E7%96%91%E9%97%AE.gif
INFO: [ app_init ] --START--
INFO: Run Behavior\BuildLiteBehavior [ RunTime:0.000055s ]
INFO: [ app_init ] --END-- [ RunTime:0.000746s ]
ERR: 无法加载模块:Images

[ 2017-03-10T11:38:55+08:00 ] ::1 /pblog/index.php/images/guestbook/face/34_%E6%99%95.gif
INFO: [ app_init ] --START--
INFO: Run Behavior\BuildLiteBehavior [ RunTime:0.000050s ]
INFO: [ app_init ] --END-- [ RunTime:0.000723s ]
ERR: 无法加载模块:Images

[ 2017-03-10T11:38:55+08:00 ] ::1 /pblog/index.php/images/guestbook/face/36_%E8%A1%B0.gif
INFO: [ app_init ] --START--
INFO: Run Behavior\BuildLiteBehavior [ RunTime:0.000054s ]
INFO: [ app_init ] --END-- [ RunTime:0.000726s ]
ERR: 无法加载模块:Images

[ 2017-03-10T11:38:55+08:00 ] ::1 /pblog/index.php/images/guestbook/face/35_%E6%8A%98%E7%A3%A8.gif
INFO: [ app_init ] --START--
INFO: Run Behavior\BuildLiteBehavior [ RunTime:0.000056s ]
INFO: [ app_init ] --END-- [ RunTime:0.000741s ]
ERR: 无法加载模块:Images

[ 2017-03-10T11:38:55+08:00 ] ::1 /pblog/index.php/images/guestbook/face/38_%E6%95%B2%E6%89%93.gif
INFO: [ app_init ] --START--
INFO: Run Behavior\BuildLiteBehavior [ RunTime:0.000049s ]
INFO: [ app_init ] --END-- [ RunTime:0.000845s ]
ERR: 无法加载模块:Images

[ 2017-03-10T11:38:55+08:00 ] ::1 /pblog/index.php/images/guestbook/face/39_%E5%86%8D%E8%A7%81.gif
INFO: [ app_init ] --START--
INFO: Run Behavior\BuildLiteBehavior [ RunTime:0.000055s ]
INFO: [ app_init ] --END-- [ RunTime:0.000784s ]
ERR: 无法加载模块:Images

[ 2017-03-10T11:38:55+08:00 ] ::1 /pblog/index.php/images/guestbook/face/40_%E6%93%A6%E6%B1%97.gif
INFO: [ app_init ] --START--
INFO: Run Behavior\BuildLiteBehavior [ RunTime:0.000055s ]
INFO: [ app_init ] --END-- [ RunTime:0.000728s ]
ERR: 无法加载模块:Images

[ 2017-03-10T11:38:55+08:00 ] ::1 /pblog/index.php/images/guestbook/face/37_%E9%AA%B7%E9%AB%85.gif
INFO: [ app_init ] --START--
INFO: Run Behavior\BuildLiteBehavior [ RunTime:0.000141s ]
INFO: [ app_init ] --END-- [ RunTime:0.001311s ]
ERR: 无法加载模块:Images

[ 2017-03-10T11:38:55+08:00 ] ::1 /pblog/index.php/images/guestbook/face/43_%E7%B3%97%E5%A4%A7%E4%BA%86.gif
INFO: [ app_init ] --START--
INFO: Run Behavior\BuildLiteBehavior [ RunTime:0.000053s ]
INFO: [ app_init ] --END-- [ RunTime:0.000758s ]
ERR: 无法加载模块:Images

[ 2017-03-10T11:38:55+08:00 ] ::1 /pblog/index.php/images/guestbook/face/42_%E9%BC%93%E6%8E%8C.gif
INFO: [ app_init ] --START--
INFO: Run Behavior\BuildLiteBehavior [ RunTime:0.000054s ]
INFO: [ app_init ] --END-- [ RunTime:0.000831s ]
ERR: 无法加载模块:Images

[ 2017-03-10T11:38:55+08:00 ] ::1 /pblog/index.php/images/guestbook/face/41_%E6%8A%A0%E9%BC%BB.gif
INFO: [ app_init ] --START--
INFO: Run Behavior\BuildLiteBehavior [ RunTime:0.000054s ]
INFO: [ app_init ] --END-- [ RunTime:0.000790s ]
ERR: 无法加载模块:Images

[ 2017-03-10T11:38:55+08:00 ] ::1 /pblog/index.php/images/guestbook/face/44_%E5%9D%8F%E7%AC%91.gif
INFO: [ app_init ] --START--
INFO: Run Behavior\BuildLiteBehavior [ RunTime:0.000054s ]
INFO: [ app_init ] --END-- [ RunTime:0.000727s ]
ERR: 无法加载模块:Images

[ 2017-03-10T11:38:55+08:00 ] ::1 /pblog/index.php/images/guestbook/face/46_%E5%8F%B3%E5%93%BC%E5%93%BC.gif
INFO: [ app_init ] --START--
INFO: Run Behavior\BuildLiteBehavior [ RunTime:0.000058s ]
INFO: [ app_init ] --END-- [ RunTime:0.000750s ]
ERR: 无法加载模块:Images

[ 2017-03-10T11:38:55+08:00 ] ::1 /pblog/index.php/images/guestbook/face/45_%E5%B7%A6%E5%93%BC%E5%93%BC.gif
INFO: [ app_init ] --START--
INFO: Run Behavior\BuildLiteBehavior [ RunTime:0.000053s ]
INFO: [ app_init ] --END-- [ RunTime:0.000734s ]
ERR: 无法加载模块:Images

[ 2017-03-10T11:38:55+08:00 ] ::1 /pblog/index.php/images/guestbook/face/50_%E5%BF%AB%E5%93%AD%E4%BA%86.gif
INFO: [ app_init ] --START--
INFO: Run Behavior\BuildLiteBehavior [ RunTime:0.000055s ]
INFO: [ app_init ] --END-- [ RunTime:0.000741s ]
ERR: 无法加载模块:Images

[ 2017-03-10T11:38:55+08:00 ] ::1 /pblog/index.php/images/guestbook/face/51_%E9%98%B4%E9%99%A9.gif
INFO: [ app_init ] --START--
INFO: Run Behavior\BuildLiteBehavior [ RunTime:0.000053s ]
INFO: [ app_init ] --END-- [ RunTime:0.000722s ]
ERR: 无法加载模块:Images

[ 2017-03-10T11:38:55+08:00 ] ::1 /pblog/index.php/images/guestbook/face/52_%E4%BA%B2%E4%BA%B2.gif
INFO: [ app_init ] --START--
INFO: Run Behavior\BuildLiteBehavior [ RunTime:0.000049s ]
INFO: [ app_init ] --END-- [ RunTime:0.000707s ]
ERR: 无法加载模块:Images

[ 2017-03-10T11:38:55+08:00 ] ::1 /pblog/index.php/images/guestbook/face/48_%E9%84%99%E8%A7%86.gif
INFO: [ app_init ] --START--
INFO: Run Behavior\BuildLiteBehavior [ RunTime:0.000071s ]
INFO: [ app_init ] --END-- [ RunTime:0.001265s ]
ERR: 无法加载模块:Images

[ 2017-03-10T11:38:55+08:00 ] ::1 /pblog/index.php/images/guestbook/face/49_%E5%A7%94%E5%B1%88.gif
INFO: [ app_init ] --START--
INFO: Run Behavior\BuildLiteBehavior [ RunTime:0.000080s ]
INFO: [ app_init ] --END-- [ RunTime:0.003694s ]
ERR: 无法加载模块:Images

[ 2017-03-10T11:38:55+08:00 ] ::1 /pblog/index.php/images/guestbook/face/54_%E5%8F%AF%E6%80%9C.gif
INFO: [ app_init ] --START--
INFO: Run Behavior\BuildLiteBehavior [ RunTime:0.000052s ]
INFO: [ app_init ] --END-- [ RunTime:0.000817s ]
ERR: 无法加载模块:Images

[ 2017-03-10T11:38:55+08:00 ] ::1 /pblog/index.php/images/guestbook/face/56_%E8%A5%BF%E7%93%9C.gif
INFO: [ app_init ] --START--
INFO: Run Behavior\BuildLiteBehavior [ RunTime:0.000053s ]
INFO: [ app_init ] --END-- [ RunTime:0.000715s ]
ERR: 无法加载模块:Images

[ 2017-03-10T11:38:55+08:00 ] ::1 /pblog/index.php/images/guestbook/face/55_%E8%8F%9C%E5%88%80.gif
INFO: [ app_init ] --START--
INFO: Run Behavior\BuildLiteBehavior [ RunTime:0.000054s ]
INFO: [ app_init ] --END-- [ RunTime:0.000742s ]
ERR: 无法加载模块:Images

[ 2017-03-10T11:38:56+08:00 ] ::1 /pblog/index.php/images/guestbook/face/58_%E7%AF%AE%E7%90%83.gif
INFO: [ app_init ] --START--
INFO: Run Behavior\BuildLiteBehavior [ RunTime:0.000141s ]
INFO: [ app_init ] --END-- [ RunTime:0.000814s ]
ERR: 无法加载模块:Images

[ 2017-03-10T11:38:56+08:00 ] ::1 /pblog/index.php/images/guestbook/face/57_%E5%95%A4%E9%85%92.gif
INFO: [ app_init ] --START--
INFO: Run Behavior\BuildLiteBehavior [ RunTime:0.000058s ]
INFO: [ app_init ] --END-- [ RunTime:0.016092s ]
ERR: 无法加载模块:Images

[ 2017-03-10T11:38:56+08:00 ] ::1 /pblog/index.php/images/guestbook/face/53_%E5%90%93.gif
INFO: [ app_init ] --START--
INFO: Run Behavior\BuildLiteBehavior [ RunTime:0.000053s ]
INFO: [ app_init ] --END-- [ RunTime:0.000875s ]
ERR: 无法加载模块:Images

[ 2017-03-10T11:38:56+08:00 ] ::1 /pblog/index.php/images/guestbook/face/59_%E4%B9%92%E4%B9%93.gif
INFO: [ app_init ] --START--
INFO: Run Behavior\BuildLiteBehavior [ RunTime:0.000137s ]
INFO: [ app_init ] --END-- [ RunTime:0.001890s ]
ERR: 无法加载模块:Images

[ 2017-03-10T11:38:56+08:00 ] ::1 /pblog/index.php/images/guestbook/face/78_%E6%8B%A5%E6%8A%B1.gif
INFO: [ app_init ] --START--
INFO: Run Behavior\BuildLiteBehavior [ RunTime:0.000055s ]
INFO: [ app_init ] --END-- [ RunTime:0.000756s ]
ERR: 无法加载模块:Images

[ 2017-03-10T11:38:56+08:00 ] ::1 /pblog/index.php/images/guestbook/face/%E5%BE%97%E6%84%8F%E5%9C%B0%E7%AC%91.gif
INFO: [ app_init ] --START--
INFO: Run Behavior\BuildLiteBehavior [ RunTime:0.000059s ]
INFO: [ app_init ] --END-- [ RunTime:0.000758s ]
ERR: 无法加载模块:Images

[ 2017-03-10T11:38:56+08:00 ] ::1 /pblog/index.php/images/guestbook/face/81_%E6%8F%A1%E6%89%8B.gif
INFO: [ app_init ] --START--
INFO: Run Behavior\BuildLiteBehavior [ RunTime:0.000050s ]
INFO: [ app_init ] --END-- [ RunTime:0.000920s ]
ERR: 无法加载模块:Images

[ 2017-03-10T11:38:56+08:00 ] ::1 /pblog/index.php/images/guestbook/face/%E5%90%AC%E9%9F%B3%E4%B9%90.gif
INFO: [ app_init ] --START--
INFO: Run Behavior\BuildLiteBehavior [ RunTime:0.000043s ]
INFO: [ app_init ] --END-- [ RunTime:0.000831s ]
ERR: 无法加载模块:Images

