[ 2017-03-20T16:10:56+08:00 ] ::1 /pblog/
INFO: [ app_init ] --START--
INFO: Run Behavior\BuildLiteBehavior [ RunTime:0.000055s ]
INFO: [ app_init ] --END-- [ RunTime:0.002193s ]
INFO: [ app_begin ] --START--
INFO: Run Behavior\ReadHtmlCacheBehavior [ RunTime:0.002593s ]
INFO: [ app_begin ] --END-- [ RunTime:0.002937s ]
NOTIC: [8] Undefined index: user C:\wamp\www\pBlog\Blog\Home\Controller\IndexController.class.php 第 8 行.
INFO: [ view_parse ] --START--
INFO: [ template_filter ] --START--
INFO: Run Behavior\ContentReplaceBehavior [ RunTime:0.000132s ]
INFO: [ template_filter ] --END-- [ RunTime:0.000294s ]
INFO: Run Behavior\ParseTemplateBehavior [ RunTime:0.025779s ]
INFO: [ view_parse ] --END-- [ RunTime:0.026036s ]
INFO: [ view_filter ] --START--
INFO: Run Behavior\WriteHtmlCacheBehavior [ RunTime:0.001115s ]
INFO: [ view_filter ] --END-- [ RunTime:0.001259s ]
INFO: [ app_end ] --START--
INFO: Run Behavior\ShowPageTraceBehavior [ RunTime:0.001588s ]
INFO: [ app_end ] --END-- [ RunTime:0.001747s ]

[ 2017-03-20T16:10:58+08:00 ] ::1 /pblog/Index.php/Home/Index/guestbook.html
INFO: [ app_init ] --START--
INFO: Run Behavior\BuildLiteBehavior [ RunTime:0.000034s ]
INFO: [ app_init ] --END-- [ RunTime:0.000759s ]
INFO: [ app_begin ] --START--
INFO: Run Behavior\ReadHtmlCacheBehavior [ RunTime:0.002623s ]
INFO: [ app_begin ] --END-- [ RunTime:0.003078s ]
NOTIC: [8] Undefined index: user C:\wamp\www\pBlog\Blog\Home\Controller\IndexController.class.php 第 160 行.
SQL: SHOW COLUMNS FROM `liuyan` [ RunTime:0.0118s ]
SQL: SELECT COUNT(*) AS tp_count FROM `liuyan` LIMIT 1   [ RunTime:0.0008s ]
SQL: SELECT * FROM `liuyan` ORDER BY id desc LIMIT 0,10   [ RunTime:0.0003s ]
INFO: [ view_parse ] --START--
INFO: [ template_filter ] --START--
INFO: Run Behavior\ContentReplaceBehavior [ RunTime:0.000131s ]
INFO: [ template_filter ] --END-- [ RunTime:0.000323s ]
INFO: Run Behavior\ParseTemplateBehavior [ RunTime:0.016152s ]
INFO: [ view_parse ] --END-- [ RunTime:0.016317s ]
INFO: [ view_filter ] --START--
INFO: Run Behavior\WriteHtmlCacheBehavior [ RunTime:0.000570s ]
INFO: [ view_filter ] --END-- [ RunTime:0.000714s ]
INFO: [ app_end ] --START--
INFO: Run Behavior\ShowPageTraceBehavior [ RunTime:0.000926s ]
INFO: [ app_end ] --END-- [ RunTime:0.001076s ]

[ 2017-03-20T16:11:00+08:00 ] ::1 /pblog/Index.php/Home/Index/guestbook.html
INFO: [ app_init ] --START--
INFO: Run Behavior\BuildLiteBehavior [ RunTime:0.000029s ]
INFO: [ app_init ] --END-- [ RunTime:0.000537s ]
INFO: [ app_begin ] --START--
INFO: Run Behavior\ReadHtmlCacheBehavior [ RunTime:0.000771s ]
INFO: [ app_begin ] --END-- [ RunTime:0.000918s ]
NOTIC: [8] Undefined index: user C:\wamp\www\pBlog\Blog\Home\Controller\IndexController.class.php 第 160 行.
SQL: SHOW COLUMNS FROM `liuyan` [ RunTime:0.0037s ]
SQL: SELECT COUNT(*) AS tp_count FROM `liuyan` LIMIT 1   [ RunTime:0.0003s ]
SQL: SELECT * FROM `liuyan` ORDER BY id desc LIMIT 0,10   [ RunTime:0.0004s ]
INFO: [ view_parse ] --START--
INFO: [ template_filter ] --START--
INFO: Run Behavior\ContentReplaceBehavior [ RunTime:0.000135s ]
INFO: [ template_filter ] --END-- [ RunTime:0.000293s ]
INFO: Run Behavior\ParseTemplateBehavior [ RunTime:0.014015s ]
INFO: [ view_parse ] --END-- [ RunTime:0.014159s ]
INFO: [ view_filter ] --START--
INFO: Run Behavior\WriteHtmlCacheBehavior [ RunTime:0.000628s ]
INFO: [ view_filter ] --END-- [ RunTime:0.000761s ]
INFO: [ app_end ] --START--
INFO: Run Behavior\ShowPageTraceBehavior [ RunTime:0.000978s ]
INFO: [ app_end ] --END-- [ RunTime:0.001142s ]

[ 2017-03-20T16:11:03+08:00 ] ::1 /pblog/Index.php/Home/Index/guestbook.html
INFO: [ app_init ] --START--
INFO: Run Behavior\BuildLiteBehavior [ RunTime:0.000051s ]
INFO: [ app_init ] --END-- [ RunTime:0.000836s ]
INFO: [ app_begin ] --START--
INFO: Run Behavior\ReadHtmlCacheBehavior [ RunTime:0.001289s ]
INFO: [ app_begin ] --END-- [ RunTime:0.001548s ]
NOTIC: [8] Undefined index: user C:\wamp\www\pBlog\Blog\Home\Controller\IndexController.class.php 第 160 行.
SQL: SHOW COLUMNS FROM `liuyan` [ RunTime:0.0044s ]
SQL: SELECT COUNT(*) AS tp_count FROM `liuyan` LIMIT 1   [ RunTime:0.0004s ]
SQL: SELECT * FROM `liuyan` ORDER BY id desc LIMIT 0,10   [ RunTime:0.0003s ]
INFO: [ view_parse ] --START--
INFO: [ template_filter ] --START--
INFO: Run Behavior\ContentReplaceBehavior [ RunTime:0.000118s ]
INFO: [ template_filter ] --END-- [ RunTime:0.000253s ]
INFO: Run Behavior\ParseTemplateBehavior [ RunTime:0.013881s ]
INFO: [ view_parse ] --END-- [ RunTime:0.014039s ]
INFO: [ view_filter ] --START--
INFO: Run Behavior\WriteHtmlCacheBehavior [ RunTime:0.000617s ]
INFO: [ view_filter ] --END-- [ RunTime:0.000754s ]
INFO: [ app_end ] --START--
INFO: Run Behavior\ShowPageTraceBehavior [ RunTime:0.001114s ]
INFO: [ app_end ] --END-- [ RunTime:0.001340s ]

[ 2017-03-20T16:21:31+08:00 ] ::1 /pblog/Index.php/Home/Index/guestbook.html
INFO: [ app_init ] --START--
INFO: Run Behavior\BuildLiteBehavior [ RunTime:0.000028s ]
INFO: [ app_init ] --END-- [ RunTime:0.000635s ]
INFO: [ app_begin ] --START--
INFO: Run Behavior\ReadHtmlCacheBehavior [ RunTime:0.000990s ]
INFO: [ app_begin ] --END-- [ RunTime:0.001202s ]
NOTIC: [8] Undefined index: user C:\wamp\www\pBlog\Blog\Home\Controller\IndexController.class.php 第 160 行.
SQL: SHOW COLUMNS FROM `liuyan` [ RunTime:0.0042s ]
SQL: SELECT COUNT(*) AS tp_count FROM `liuyan` LIMIT 1   [ RunTime:0.0004s ]
SQL: SELECT * FROM `liuyan` ORDER BY id desc LIMIT 0,10   [ RunTime:0.0005s ]
INFO: [ view_parse ] --START--
INFO: [ template_filter ] --START--
INFO: Run Behavior\ContentReplaceBehavior [ RunTime:0.000157s ]
INFO: [ template_filter ] --END-- [ RunTime:0.000309s ]
INFO: Run Behavior\ParseTemplateBehavior [ RunTime:0.015279s ]
INFO: [ view_parse ] --END-- [ RunTime:0.015553s ]
INFO: [ view_filter ] --START--
INFO: Run Behavior\WriteHtmlCacheBehavior [ RunTime:0.000747s ]
INFO: [ view_filter ] --END-- [ RunTime:0.000951s ]
INFO: [ app_end ] --START--
INFO: Run Behavior\ShowPageTraceBehavior [ RunTime:0.001069s ]
INFO: [ app_end ] --END-- [ RunTime:0.001285s ]

[ 2017-03-20T16:21:34+08:00 ] ::1 /pblog/Index.php/Home/Index/guestbook.html
INFO: [ app_init ] --START--
INFO: Run Behavior\BuildLiteBehavior [ RunTime:0.000055s ]
INFO: [ app_init ] --END-- [ RunTime:0.000877s ]
INFO: [ app_begin ] --START--
INFO: Run Behavior\ReadHtmlCacheBehavior [ RunTime:0.001232s ]
INFO: [ app_begin ] --END-- [ RunTime:0.001543s ]
NOTIC: [8] Undefined index: user C:\wamp\www\pBlog\Blog\Home\Controller\IndexController.class.php 第 160 行.
SQL: SHOW COLUMNS FROM `liuyan` [ RunTime:0.0037s ]
SQL: SELECT COUNT(*) AS tp_count FROM `liuyan` LIMIT 1   [ RunTime:0.0004s ]
SQL: SELECT * FROM `liuyan` ORDER BY id desc LIMIT 0,10   [ RunTime:0.0004s ]
INFO: [ view_parse ] --START--
INFO: [ template_filter ] --START--
INFO: Run Behavior\ContentReplaceBehavior [ RunTime:0.000244s ]
INFO: [ template_filter ] --END-- [ RunTime:0.000514s ]
INFO: Run Behavior\ParseTemplateBehavior [ RunTime:0.018965s ]
INFO: [ view_parse ] --END-- [ RunTime:0.019184s ]
INFO: [ view_filter ] --START--
INFO: Run Behavior\WriteHtmlCacheBehavior [ RunTime:0.000856s ]
INFO: [ view_filter ] --END-- [ RunTime:0.001066s ]
INFO: [ app_end ] --START--
INFO: Run Behavior\ShowPageTraceBehavior [ RunTime:0.001071s ]
INFO: [ app_end ] --END-- [ RunTime:0.001321s ]

[ 2017-03-20T16:21:39+08:00 ] ::1 /pblog/Index.php/Home/Index/guestbook.html
INFO: [ app_init ] --START--
INFO: Run Behavior\BuildLiteBehavior [ RunTime:0.000038s ]
INFO: [ app_init ] --END-- [ RunTime:0.000637s ]
INFO: [ app_begin ] --START--
INFO: Run Behavior\ReadHtmlCacheBehavior [ RunTime:0.000648s ]
INFO: [ app_begin ] --END-- [ RunTime:0.000796s ]
NOTIC: [8] Undefined index: user C:\wamp\www\pBlog\Blog\Home\Controller\IndexController.class.php 第 160 行.
SQL: SHOW COLUMNS FROM `liuyan` [ RunTime:0.0049s ]
SQL: SELECT COUNT(*) AS tp_count FROM `liuyan` LIMIT 1   [ RunTime:0.0003s ]
SQL: SELECT * FROM `liuyan` ORDER BY id desc LIMIT 0,10   [ RunTime:0.0003s ]
INFO: [ view_parse ] --START--
INFO: [ template_filter ] --START--
INFO: Run Behavior\ContentReplaceBehavior [ RunTime:0.000166s ]
INFO: [ template_filter ] --END-- [ RunTime:0.000315s ]
INFO: Run Behavior\ParseTemplateBehavior [ RunTime:0.014134s ]
INFO: [ view_parse ] --END-- [ RunTime:0.014288s ]
INFO: [ view_filter ] --START--
INFO: Run Behavior\WriteHtmlCacheBehavior [ RunTime:0.000459s ]
INFO: [ view_filter ] --END-- [ RunTime:0.000579s ]
INFO: [ app_end ] --START--
INFO: Run Behavior\ShowPageTraceBehavior [ RunTime:0.000913s ]
INFO: [ app_end ] --END-- [ RunTime:0.001115s ]

[ 2017-03-20T16:21:40+08:00 ] ::1 /pblog/Index.php/Home/Index/guestbook.html
INFO: [ app_init ] --START--
INFO: Run Behavior\BuildLiteBehavior [ RunTime:0.000055s ]
INFO: [ app_init ] --END-- [ RunTime:0.000903s ]
INFO: [ app_begin ] --START--
INFO: Run Behavior\ReadHtmlCacheBehavior [ RunTime:0.001033s ]
INFO: [ app_begin ] --END-- [ RunTime:0.001291s ]
NOTIC: [8] Undefined index: user C:\wamp\www\pBlog\Blog\Home\Controller\IndexController.class.php 第 160 行.
SQL: SHOW COLUMNS FROM `liuyan` [ RunTime:0.0035s ]
SQL: SELECT COUNT(*) AS tp_count FROM `liuyan` LIMIT 1   [ RunTime:0.0002s ]
SQL: SELECT * FROM `liuyan` ORDER BY id desc LIMIT 0,10   [ RunTime:0.0002s ]
INFO: [ view_parse ] --START--
INFO: [ template_filter ] --START--
INFO: Run Behavior\ContentReplaceBehavior [ RunTime:0.000150s ]
INFO: [ template_filter ] --END-- [ RunTime:0.000299s ]
INFO: Run Behavior\ParseTemplateBehavior [ RunTime:0.015546s ]
INFO: [ view_parse ] --END-- [ RunTime:0.015715s ]
INFO: [ view_filter ] --START--
INFO: Run Behavior\WriteHtmlCacheBehavior [ RunTime:0.000532s ]
INFO: [ view_filter ] --END-- [ RunTime:0.000706s ]
INFO: [ app_end ] --START--
INFO: Run Behavior\ShowPageTraceBehavior [ RunTime:0.001054s ]
INFO: [ app_end ] --END-- [ RunTime:0.001263s ]

[ 2017-03-20T16:21:51+08:00 ] ::1 /pblog/Index.php/Home/Index/guestbook.html
INFO: [ app_init ] --START--
INFO: Run Behavior\BuildLiteBehavior [ RunTime:0.000037s ]
INFO: [ app_init ] --END-- [ RunTime:0.000698s ]
INFO: [ app_begin ] --START--
INFO: Run Behavior\ReadHtmlCacheBehavior [ RunTime:0.001009s ]
INFO: [ app_begin ] --END-- [ RunTime:0.001276s ]
NOTIC: [8] Undefined index: user C:\wamp\www\pBlog\Blog\Home\Controller\IndexController.class.php 第 160 行.
SQL: SHOW COLUMNS FROM `liuyan` [ RunTime:0.0034s ]
SQL: SELECT COUNT(*) AS tp_count FROM `liuyan` LIMIT 1   [ RunTime:0.0003s ]
SQL: SELECT * FROM `liuyan` ORDER BY id desc LIMIT 0,10   [ RunTime:0.0003s ]
INFO: [ view_parse ] --START--
INFO: [ template_filter ] --START--
INFO: Run Behavior\ContentReplaceBehavior [ RunTime:0.000154s ]
INFO: [ template_filter ] --END-- [ RunTime:0.000311s ]
INFO: Run Behavior\ParseTemplateBehavior [ RunTime:0.014684s ]
INFO: [ view_parse ] --END-- [ RunTime:0.014848s ]
INFO: [ view_filter ] --START--
INFO: Run Behavior\WriteHtmlCacheBehavior [ RunTime:0.000468s ]
INFO: [ view_filter ] --END-- [ RunTime:0.000602s ]
INFO: [ app_end ] --START--
INFO: Run Behavior\ShowPageTraceBehavior [ RunTime:0.000781s ]
INFO: [ app_end ] --END-- [ RunTime:0.000931s ]

[ 2017-03-20T16:21:53+08:00 ] ::1 /pblog/Index.php/Home/Index/guestbook.html
INFO: [ app_init ] --START--
INFO: Run Behavior\BuildLiteBehavior [ RunTime:0.000032s ]
INFO: [ app_init ] --END-- [ RunTime:0.000519s ]
INFO: [ app_begin ] --START--
INFO: Run Behavior\ReadHtmlCacheBehavior [ RunTime:0.000993s ]
INFO: [ app_begin ] --END-- [ RunTime:0.001268s ]
NOTIC: [8] Undefined index: user C:\wamp\www\pBlog\Blog\Home\Controller\IndexController.class.php 第 160 行.
SQL: SHOW COLUMNS FROM `liuyan` [ RunTime:0.0043s ]
SQL: SELECT COUNT(*) AS tp_count FROM `liuyan` LIMIT 1   [ RunTime:0.0003s ]
SQL: SELECT * FROM `liuyan` ORDER BY id desc LIMIT 0,10   [ RunTime:0.0003s ]
INFO: [ view_parse ] --START--
INFO: [ template_filter ] --START--
INFO: Run Behavior\ContentReplaceBehavior [ RunTime:0.000127s ]
INFO: [ template_filter ] --END-- [ RunTime:0.000264s ]
INFO: Run Behavior\ParseTemplateBehavior [ RunTime:0.014672s ]
INFO: [ view_parse ] --END-- [ RunTime:0.014896s ]
INFO: [ view_filter ] --START--
INFO: Run Behavior\WriteHtmlCacheBehavior [ RunTime:0.000587s ]
INFO: [ view_filter ] --END-- [ RunTime:0.000868s ]
INFO: [ app_end ] --START--
INFO: Run Behavior\ShowPageTraceBehavior [ RunTime:0.000703s ]
INFO: [ app_end ] --END-- [ RunTime:0.000879s ]

[ 2017-03-20T16:23:01+08:00 ] ::1 /pblog/Index.php/Home/Index/guestbook.html
INFO: [ app_init ] --START--
INFO: Run Behavior\BuildLiteBehavior [ RunTime:0.000090s ]
INFO: [ app_init ] --END-- [ RunTime:0.000628s ]
INFO: [ app_begin ] --START--
INFO: Run Behavior\ReadHtmlCacheBehavior [ RunTime:0.000735s ]
INFO: [ app_begin ] --END-- [ RunTime:0.000865s ]
NOTIC: [8] Undefined index: user C:\wamp\www\pBlog\Blog\Home\Controller\IndexController.class.php 第 160 行.
SQL: SHOW COLUMNS FROM `liuyan` [ RunTime:0.0041s ]
SQL: SELECT COUNT(*) AS tp_count FROM `liuyan` LIMIT 1   [ RunTime:0.0003s ]
SQL: SELECT * FROM `liuyan` ORDER BY id desc LIMIT 0,10   [ RunTime:0.0004s ]
INFO: [ view_parse ] --START--
INFO: [ template_filter ] --START--
INFO: Run Behavior\ContentReplaceBehavior [ RunTime:0.000156s ]
INFO: [ template_filter ] --END-- [ RunTime:0.000324s ]
INFO: Run Behavior\ParseTemplateBehavior [ RunTime:0.019792s ]
INFO: [ view_parse ] --END-- [ RunTime:0.020014s ]
INFO: [ view_filter ] --START--
INFO: Run Behavior\WriteHtmlCacheBehavior [ RunTime:0.001014s ]
INFO: [ view_filter ] --END-- [ RunTime:0.001213s ]
INFO: [ app_end ] --START--
INFO: Run Behavior\ShowPageTraceBehavior [ RunTime:0.001413s ]
INFO: [ app_end ] --END-- [ RunTime:0.001685s ]

[ 2017-03-20T16:23:01+08:00 ] ::1 /pblog/Index.php/Home/Index/guestbook.html
INFO: [ app_init ] --START--
INFO: Run Behavior\BuildLiteBehavior [ RunTime:0.000029s ]
INFO: [ app_init ] --END-- [ RunTime:0.000494s ]
INFO: [ app_begin ] --START--
INFO: Run Behavior\ReadHtmlCacheBehavior [ RunTime:0.000713s ]
INFO: [ app_begin ] --END-- [ RunTime:0.000871s ]
NOTIC: [8] Undefined index: user C:\wamp\www\pBlog\Blog\Home\Controller\IndexController.class.php 第 160 行.
SQL: SHOW COLUMNS FROM `liuyan` [ RunTime:0.0037s ]
SQL: SELECT COUNT(*) AS tp_count FROM `liuyan` LIMIT 1   [ RunTime:0.0003s ]
SQL: SELECT * FROM `liuyan` ORDER BY id desc LIMIT 0,10   [ RunTime:0.0003s ]
INFO: [ view_parse ] --START--
INFO: [ template_filter ] --START--
INFO: Run Behavior\ContentReplaceBehavior [ RunTime:0.000129s ]
INFO: [ template_filter ] --END-- [ RunTime:0.000268s ]
INFO: Run Behavior\ParseTemplateBehavior [ RunTime:0.016102s ]
INFO: [ view_parse ] --END-- [ RunTime:0.016321s ]
INFO: [ view_filter ] --START--
INFO: Run Behavior\WriteHtmlCacheBehavior [ RunTime:0.000554s ]
INFO: [ view_filter ] --END-- [ RunTime:0.000675s ]
INFO: [ app_end ] --START--
INFO: Run Behavior\ShowPageTraceBehavior [ RunTime:0.001080s ]
INFO: [ app_end ] --END-- [ RunTime:0.001285s ]

[ 2017-03-20T16:23:39+08:00 ] ::1 /pblog/Index.php/Home/Index/guestbook.html
INFO: [ app_init ] --START--
INFO: Run Behavior\BuildLiteBehavior [ RunTime:0.000030s ]
INFO: [ app_init ] --END-- [ RunTime:0.000522s ]
INFO: [ app_begin ] --START--
INFO: Run Behavior\ReadHtmlCacheBehavior [ RunTime:0.000715s ]
INFO: [ app_begin ] --END-- [ RunTime:0.000844s ]
NOTIC: [8] Undefined index: user C:\wamp\www\pBlog\Blog\Home\Controller\IndexController.class.php 第 160 行.
SQL: SHOW COLUMNS FROM `liuyan` [ RunTime:0.0048s ]
SQL: SELECT COUNT(*) AS tp_count FROM `liuyan` LIMIT 1   [ RunTime:0.0003s ]
SQL: SELECT * FROM `liuyan` ORDER BY id desc LIMIT 0,10   [ RunTime:0.0003s ]
INFO: [ view_parse ] --START--
INFO: [ template_filter ] --START--
INFO: Run Behavior\ContentReplaceBehavior [ RunTime:0.000143s ]
INFO: [ template_filter ] --END-- [ RunTime:0.000342s ]
INFO: Run Behavior\ParseTemplateBehavior [ RunTime:0.014044s ]
INFO: [ view_parse ] --END-- [ RunTime:0.014219s ]
INFO: [ view_filter ] --START--
INFO: Run Behavior\WriteHtmlCacheBehavior [ RunTime:0.000615s ]
INFO: [ view_filter ] --END-- [ RunTime:0.000754s ]
INFO: [ app_end ] --START--
INFO: Run Behavior\ShowPageTraceBehavior [ RunTime:0.001156s ]
INFO: [ app_end ] --END-- [ RunTime:0.001355s ]

[ 2017-03-20T16:23:45+08:00 ] ::1 /pblog/Index.php/Home/Index/guestbook.html
INFO: [ app_init ] --START--
INFO: Run Behavior\BuildLiteBehavior [ RunTime:0.000051s ]
INFO: [ app_init ] --END-- [ RunTime:0.000828s ]
INFO: [ app_begin ] --START--
INFO: Run Behavior\ReadHtmlCacheBehavior [ RunTime:0.000768s ]
INFO: [ app_begin ] --END-- [ RunTime:0.000935s ]
NOTIC: [8] Undefined index: user C:\wamp\www\pBlog\Blog\Home\Controller\IndexController.class.php 第 160 行.
SQL: SHOW COLUMNS FROM `liuyan` [ RunTime:0.0037s ]
SQL: SELECT COUNT(*) AS tp_count FROM `liuyan` LIMIT 1   [ RunTime:0.0003s ]
SQL: SELECT * FROM `liuyan` ORDER BY id desc LIMIT 0,10   [ RunTime:0.0003s ]
INFO: [ view_parse ] --START--
INFO: [ template_filter ] --START--
INFO: Run Behavior\ContentReplaceBehavior [ RunTime:0.000129s ]
INFO: [ template_filter ] --END-- [ RunTime:0.000263s ]
INFO: Run Behavior\ParseTemplateBehavior [ RunTime:0.014879s ]
INFO: [ view_parse ] --END-- [ RunTime:0.015035s ]
INFO: [ view_filter ] --START--
INFO: Run Behavior\WriteHtmlCacheBehavior [ RunTime:0.000680s ]
INFO: [ view_filter ] --END-- [ RunTime:0.000822s ]
INFO: [ app_end ] --START--
INFO: Run Behavior\ShowPageTraceBehavior [ RunTime:0.000976s ]
INFO: [ app_end ] --END-- [ RunTime:0.001132s ]

[ 2017-03-20T16:24:25+08:00 ] ::1 /pblog/Index.php/Home/Index/guestbook.html
INFO: [ app_init ] --START--
INFO: Run Behavior\BuildLiteBehavior [ RunTime:0.000050s ]
INFO: [ app_init ] --END-- [ RunTime:0.000795s ]
INFO: [ app_begin ] --START--
INFO: Run Behavior\ReadHtmlCacheBehavior [ RunTime:0.000730s ]
INFO: [ app_begin ] --END-- [ RunTime:0.000872s ]
NOTIC: [8] Undefined index: user C:\wamp\www\pBlog\Blog\Home\Controller\IndexController.class.php 第 160 行.
SQL: SHOW COLUMNS FROM `liuyan` [ RunTime:0.0044s ]
SQL: SELECT COUNT(*) AS tp_count FROM `liuyan` LIMIT 1   [ RunTime:0.0003s ]
SQL: SELECT * FROM `liuyan` ORDER BY id desc LIMIT 0,10   [ RunTime:0.0004s ]
NOTIC: [8] Undefined index: content C:\wamp\www\pBlog\Blog\Home\Controller\IndexController.class.php 第 180 行.
INFO: [ view_parse ] --START--
INFO: [ template_filter ] --START--
INFO: Run Behavior\ContentReplaceBehavior [ RunTime:0.000175s ]
INFO: [ template_filter ] --END-- [ RunTime:0.000488s ]
INFO: Run Behavior\ParseTemplateBehavior [ RunTime:0.017263s ]
INFO: [ view_parse ] --END-- [ RunTime:0.017420s ]
INFO: [ view_filter ] --START--
INFO: Run Behavior\WriteHtmlCacheBehavior [ RunTime:0.000546s ]
INFO: [ view_filter ] --END-- [ RunTime:0.000684s ]
INFO: [ app_end ] --START--
INFO: Run Behavior\ShowPageTraceBehavior [ RunTime:0.000905s ]
INFO: [ app_end ] --END-- [ RunTime:0.001098s ]

[ 2017-03-20T16:24:38+08:00 ] ::1 /pblog/Index.php/Home/Index/guestbook.html
INFO: [ app_init ] --START--
INFO: Run Behavior\BuildLiteBehavior [ RunTime:0.000028s ]
INFO: [ app_init ] --END-- [ RunTime:0.000496s ]
INFO: [ app_begin ] --START--
INFO: Run Behavior\ReadHtmlCacheBehavior [ RunTime:0.002602s ]
INFO: [ app_begin ] --END-- [ RunTime:0.002777s ]
NOTIC: [8] Undefined index: user C:\wamp\www\pBlog\Blog\Home\Controller\IndexController.class.php 第 160 行.
SQL: SHOW COLUMNS FROM `liuyan` [ RunTime:0.0036s ]
SQL: SELECT COUNT(*) AS tp_count FROM `liuyan` LIMIT 1   [ RunTime:0.0003s ]
SQL: SELECT * FROM `liuyan` ORDER BY id desc LIMIT 0,10   [ RunTime:0.0004s ]

[ 2017-03-20T16:25:02+08:00 ] ::1 /pblog/
INFO: [ app_init ] --START--
INFO: Run Behavior\BuildLiteBehavior [ RunTime:0.000068s ]
INFO: [ app_init ] --END-- [ RunTime:0.000804s ]
INFO: [ app_begin ] --START--
INFO: Run Behavior\ReadHtmlCacheBehavior [ RunTime:0.000713s ]
INFO: [ app_begin ] --END-- [ RunTime:0.000873s ]
NOTIC: [8] Undefined index: user C:\wamp\www\pBlog\Blog\Home\Controller\IndexController.class.php 第 8 行.
INFO: [ view_parse ] --START--
INFO: [ template_filter ] --START--
INFO: Run Behavior\ContentReplaceBehavior [ RunTime:0.000127s ]
INFO: [ template_filter ] --END-- [ RunTime:0.000333s ]
INFO: Run Behavior\ParseTemplateBehavior [ RunTime:0.014261s ]
INFO: [ view_parse ] --END-- [ RunTime:0.014414s ]
INFO: [ view_filter ] --START--
INFO: Run Behavior\WriteHtmlCacheBehavior [ RunTime:0.000633s ]
INFO: [ view_filter ] --END-- [ RunTime:0.000761s ]
INFO: [ app_end ] --START--
INFO: Run Behavior\ShowPageTraceBehavior [ RunTime:0.001015s ]
INFO: [ app_end ] --END-- [ RunTime:0.001178s ]

[ 2017-03-20T16:25:04+08:00 ] ::1 /pblog/Index.php/Home/Index/guestbook.html
INFO: [ app_init ] --START--
INFO: Run Behavior\BuildLiteBehavior [ RunTime:0.000306s ]
INFO: [ app_init ] --END-- [ RunTime:0.003185s ]
INFO: [ app_begin ] --START--
INFO: Run Behavior\ReadHtmlCacheBehavior [ RunTime:0.002040s ]
INFO: [ app_begin ] --END-- [ RunTime:0.002444s ]
NOTIC: [8] Undefined index: user C:\wamp\www\pBlog\Blog\Home\Controller\IndexController.class.php 第 160 行.
SQL: SHOW COLUMNS FROM `liuyan` [ RunTime:0.0062s ]
SQL: SELECT COUNT(*) AS tp_count FROM `liuyan` LIMIT 1   [ RunTime:0.0004s ]
SQL: SELECT * FROM `liuyan` ORDER BY id desc LIMIT 0,10   [ RunTime:0.0006s ]
INFO: [ view_parse ] --START--
INFO: [ template_filter ] --START--
INFO: Run Behavior\ContentReplaceBehavior [ RunTime:0.000300s ]
INFO: [ template_filter ] --END-- [ RunTime:0.001110s ]
INFO: Run Behavior\ParseTemplateBehavior [ RunTime:0.032847s ]
INFO: [ view_parse ] --END-- [ RunTime:0.033208s ]
INFO: [ view_filter ] --START--
INFO: Run Behavior\WriteHtmlCacheBehavior [ RunTime:0.001304s ]
INFO: [ view_filter ] --END-- [ RunTime:0.001627s ]
INFO: [ app_end ] --START--
INFO: Run Behavior\ShowPageTraceBehavior [ RunTime:0.001892s ]
INFO: [ app_end ] --END-- [ RunTime:0.002232s ]

[ 2017-03-20T16:25:05+08:00 ] ::1 /pblog/Index.php/Home/Index/guestbook.html
INFO: [ app_init ] --START--
INFO: Run Behavior\BuildLiteBehavior [ RunTime:0.000050s ]
INFO: [ app_init ] --END-- [ RunTime:0.000834s ]
INFO: [ app_begin ] --START--
INFO: Run Behavior\ReadHtmlCacheBehavior [ RunTime:0.001230s ]
INFO: [ app_begin ] --END-- [ RunTime:0.001495s ]
NOTIC: [8] Undefined index: user C:\wamp\www\pBlog\Blog\Home\Controller\IndexController.class.php 第 160 行.
SQL: SHOW COLUMNS FROM `liuyan` [ RunTime:0.0057s ]
SQL: SELECT COUNT(*) AS tp_count FROM `liuyan` LIMIT 1   [ RunTime:0.0003s ]
SQL: SELECT * FROM `liuyan` ORDER BY id desc LIMIT 0,10   [ RunTime:0.0002s ]
INFO: [ view_parse ] --START--
INFO: [ template_filter ] --START--
INFO: Run Behavior\ContentReplaceBehavior [ RunTime:0.000132s ]
INFO: [ template_filter ] --END-- [ RunTime:0.000288s ]
INFO: Run Behavior\ParseTemplateBehavior [ RunTime:0.015850s ]
INFO: [ view_parse ] --END-- [ RunTime:0.016100s ]
INFO: [ view_filter ] --START--
INFO: Run Behavior\WriteHtmlCacheBehavior [ RunTime:0.000694s ]
INFO: [ view_filter ] --END-- [ RunTime:0.000934s ]
INFO: [ app_end ] --START--
INFO: Run Behavior\ShowPageTraceBehavior [ RunTime:0.001018s ]
INFO: [ app_end ] --END-- [ RunTime:0.001213s ]

[ 2017-03-20T16:25:35+08:00 ] ::1 /pblog/Index.php/Home/Index/guestbook.html
INFO: [ app_init ] --START--
INFO: Run Behavior\BuildLiteBehavior [ RunTime:0.000058s ]
INFO: [ app_init ] --END-- [ RunTime:0.000817s ]
INFO: [ app_begin ] --START--
INFO: Run Behavior\ReadHtmlCacheBehavior [ RunTime:0.000642s ]
INFO: [ app_begin ] --END-- [ RunTime:0.000802s ]
NOTIC: [8] Undefined index: user C:\wamp\www\pBlog\Blog\Home\Controller\IndexController.class.php 第 160 行.
SQL: SHOW COLUMNS FROM `liuyan` [ RunTime:0.0038s ]
SQL: SELECT COUNT(*) AS tp_count FROM `liuyan` LIMIT 1   [ RunTime:0.0004s ]
SQL: SELECT * FROM `liuyan` ORDER BY id desc LIMIT 0,10   [ RunTime:0.0003s ]
NOTIC: [8] Undefined offset: 4 C:\wamp\www\pBlog\Blog\Home\Controller\IndexController.class.php 第 180 行.
INFO: [ view_parse ] --START--
INFO: [ template_filter ] --START--
INFO: Run Behavior\ContentReplaceBehavior [ RunTime:0.000142s ]
INFO: [ template_filter ] --END-- [ RunTime:0.000297s ]
INFO: Run Behavior\ParseTemplateBehavior [ RunTime:0.016024s ]
INFO: [ view_parse ] --END-- [ RunTime:0.016243s ]
INFO: [ view_filter ] --START--
INFO: Run Behavior\WriteHtmlCacheBehavior [ RunTime:0.000562s ]
INFO: [ view_filter ] --END-- [ RunTime:0.000794s ]
INFO: [ app_end ] --START--
INFO: Run Behavior\ShowPageTraceBehavior [ RunTime:0.000884s ]
INFO: [ app_end ] --END-- [ RunTime:0.001135s ]

[ 2017-03-20T16:25:47+08:00 ] ::1 /pblog/Index.php/Home/Index/guestbook.html
INFO: [ app_init ] --START--
INFO: Run Behavior\BuildLiteBehavior [ RunTime:0.000028s ]
INFO: [ app_init ] --END-- [ RunTime:0.000487s ]
INFO: [ app_begin ] --START--
INFO: Run Behavior\ReadHtmlCacheBehavior [ RunTime:0.001079s ]
INFO: [ app_begin ] --END-- [ RunTime:0.001238s ]
NOTIC: [8] Undefined index: user C:\wamp\www\pBlog\Blog\Home\Controller\IndexController.class.php 第 160 行.
SQL: SHOW COLUMNS FROM `liuyan` [ RunTime:0.0050s ]
SQL: SELECT COUNT(*) AS tp_count FROM `liuyan` LIMIT 1   [ RunTime:0.0003s ]
SQL: SELECT * FROM `liuyan` ORDER BY id desc LIMIT 0,10   [ RunTime:0.0004s ]
INFO: [ view_parse ] --START--
INFO: [ template_filter ] --START--
INFO: Run Behavior\ContentReplaceBehavior [ RunTime:0.000201s ]
INFO: [ template_filter ] --END-- [ RunTime:0.000441s ]
INFO: Run Behavior\ParseTemplateBehavior [ RunTime:0.015686s ]
INFO: [ view_parse ] --END-- [ RunTime:0.015843s ]
INFO: [ view_filter ] --START--
INFO: Run Behavior\WriteHtmlCacheBehavior [ RunTime:0.000546s ]
INFO: [ view_filter ] --END-- [ RunTime:0.000668s ]
INFO: [ app_end ] --START--
INFO: Run Behavior\ShowPageTraceBehavior [ RunTime:0.000958s ]
INFO: [ app_end ] --END-- [ RunTime:0.001112s ]

[ 2017-03-20T16:26:03+08:00 ] ::1 /pblog/Index.php/Home/Index/guestbook.html
INFO: [ app_init ] --START--
INFO: Run Behavior\BuildLiteBehavior [ RunTime:0.000029s ]
INFO: [ app_init ] --END-- [ RunTime:0.000467s ]
INFO: [ app_begin ] --START--
INFO: Run Behavior\ReadHtmlCacheBehavior [ RunTime:0.000650s ]
INFO: [ app_begin ] --END-- [ RunTime:0.000833s ]
NOTIC: [8] Undefined index: user C:\wamp\www\pBlog\Blog\Home\Controller\IndexController.class.php 第 160 行.
SQL: SHOW COLUMNS FROM `liuyan` [ RunTime:0.0043s ]
SQL: SELECT COUNT(*) AS tp_count FROM `liuyan` LIMIT 1   [ RunTime:0.0003s ]
SQL: SELECT * FROM `liuyan` ORDER BY id desc LIMIT 0,10   [ RunTime:0.0003s ]

[ 2017-03-20T16:27:58+08:00 ] ::1 /pblog/
INFO: [ app_init ] --START--
INFO: Run Behavior\BuildLiteBehavior [ RunTime:0.000033s ]
INFO: [ app_init ] --END-- [ RunTime:0.000540s ]
INFO: [ app_begin ] --START--
INFO: Run Behavior\ReadHtmlCacheBehavior [ RunTime:0.000775s ]
INFO: [ app_begin ] --END-- [ RunTime:0.000947s ]
NOTIC: [8] Undefined index: user C:\wamp\www\pBlog\Blog\Home\Controller\IndexController.class.php 第 8 行.
INFO: [ view_parse ] --START--
INFO: [ template_filter ] --START--
INFO: Run Behavior\ContentReplaceBehavior [ RunTime:0.000130s ]
INFO: [ template_filter ] --END-- [ RunTime:0.000297s ]
INFO: Run Behavior\ParseTemplateBehavior [ RunTime:0.015155s ]
INFO: [ view_parse ] --END-- [ RunTime:0.015314s ]
INFO: [ view_filter ] --START--
INFO: Run Behavior\WriteHtmlCacheBehavior [ RunTime:0.000768s ]
INFO: [ view_filter ] --END-- [ RunTime:0.001252s ]
INFO: [ app_end ] --START--
INFO: Run Behavior\ShowPageTraceBehavior [ RunTime:0.001568s ]
INFO: [ app_end ] --END-- [ RunTime:0.001831s ]

[ 2017-03-20T16:28:01+08:00 ] ::1 /pblog/Index.php/Home/Index/guestbook.html
INFO: [ app_init ] --START--
INFO: Run Behavior\BuildLiteBehavior [ RunTime:0.000094s ]
INFO: [ app_init ] --END-- [ RunTime:0.002307s ]
INFO: [ app_begin ] --START--
INFO: Run Behavior\ReadHtmlCacheBehavior [ RunTime:0.001644s ]
INFO: [ app_begin ] --END-- [ RunTime:0.001961s ]
NOTIC: [8] Undefined index: user C:\wamp\www\pBlog\Blog\Home\Controller\IndexController.class.php 第 160 行.
SQL: SHOW COLUMNS FROM `liuyan` [ RunTime:0.0038s ]
SQL: SELECT COUNT(*) AS tp_count FROM `liuyan` LIMIT 1   [ RunTime:0.0011s ]
SQL: SELECT * FROM `liuyan` ORDER BY id desc LIMIT 0,10   [ RunTime:0.0004s ]
NOTIC: [2] strlen() expects parameter 1 to be string, array given C:\wamp\www\pBlog\Blog\Home\Controller\IndexController.class.php 第 180 行.
INFO: [ view_parse ] --START--
INFO: [ template_filter ] --START--
INFO: Run Behavior\ContentReplaceBehavior [ RunTime:0.000477s ]
INFO: [ template_filter ] --END-- [ RunTime:0.000805s ]
INFO: Run Behavior\ParseTemplateBehavior [ RunTime:0.021642s ]
INFO: [ view_parse ] --END-- [ RunTime:0.021846s ]
INFO: [ view_filter ] --START--
INFO: Run Behavior\WriteHtmlCacheBehavior [ RunTime:0.000630s ]
INFO: [ view_filter ] --END-- [ RunTime:0.000766s ]
INFO: [ app_end ] --START--
INFO: Run Behavior\ShowPageTraceBehavior [ RunTime:0.001251s ]
INFO: [ app_end ] --END-- [ RunTime:0.001499s ]

[ 2017-03-20T16:28:04+08:00 ] ::1 /pblog/Index.php/Home/Index/guestbook.html
INFO: [ app_init ] --START--
INFO: Run Behavior\BuildLiteBehavior [ RunTime:0.000057s ]
INFO: [ app_init ] --END-- [ RunTime:0.000859s ]
INFO: [ app_begin ] --START--
INFO: Run Behavior\ReadHtmlCacheBehavior [ RunTime:0.001188s ]
INFO: [ app_begin ] --END-- [ RunTime:0.001423s ]
NOTIC: [8] Undefined index: user C:\wamp\www\pBlog\Blog\Home\Controller\IndexController.class.php 第 160 行.
SQL: SHOW COLUMNS FROM `liuyan` [ RunTime:0.0048s ]
SQL: SELECT COUNT(*) AS tp_count FROM `liuyan` LIMIT 1   [ RunTime:0.0002s ]
SQL: SELECT * FROM `liuyan` ORDER BY id desc LIMIT 0,10   [ RunTime:0.0002s ]
NOTIC: [2] strlen() expects parameter 1 to be string, array given C:\wamp\www\pBlog\Blog\Home\Controller\IndexController.class.php 第 180 行.
INFO: [ view_parse ] --START--
INFO: [ template_filter ] --START--
INFO: Run Behavior\ContentReplaceBehavior [ RunTime:0.000147s ]
INFO: [ template_filter ] --END-- [ RunTime:0.000322s ]
INFO: Run Behavior\ParseTemplateBehavior [ RunTime:0.015979s ]
INFO: [ view_parse ] --END-- [ RunTime:0.016153s ]
INFO: [ view_filter ] --START--
INFO: Run Behavior\WriteHtmlCacheBehavior [ RunTime:0.000642s ]
INFO: [ view_filter ] --END-- [ RunTime:0.000786s ]
INFO: [ app_end ] --START--
INFO: Run Behavior\ShowPageTraceBehavior [ RunTime:0.001101s ]
INFO: [ app_end ] --END-- [ RunTime:0.001294s ]

[ 2017-03-20T16:28:34+08:00 ] ::1 /pblog/Index.php/Home/Index/guestbook.html
INFO: [ app_init ] --START--
INFO: Run Behavior\BuildLiteBehavior [ RunTime:0.000029s ]
INFO: [ app_init ] --END-- [ RunTime:0.000595s ]
INFO: [ app_begin ] --START--
INFO: Run Behavior\ReadHtmlCacheBehavior [ RunTime:0.000913s ]
INFO: [ app_begin ] --END-- [ RunTime:0.001285s ]
NOTIC: [8] Undefined index: user C:\wamp\www\pBlog\Blog\Home\Controller\IndexController.class.php 第 160 行.
SQL: SHOW COLUMNS FROM `liuyan` [ RunTime:0.0047s ]
SQL: SELECT COUNT(*) AS tp_count FROM `liuyan` LIMIT 1   [ RunTime:0.0003s ]
SQL: SELECT * FROM `liuyan` ORDER BY id desc LIMIT 0,10   [ RunTime:0.0004s ]
NOTIC: [2] strlen() expects parameter 1 to be string, array given C:\wamp\www\pBlog\Blog\Home\Controller\IndexController.class.php 第 180 行.
NOTIC: [2] strlen() expects parameter 1 to be string, array given C:\wamp\www\pBlog\Blog\Home\Controller\IndexController.class.php 第 181 行.
INFO: [ view_parse ] --START--
INFO: [ template_filter ] --START--
INFO: Run Behavior\ContentReplaceBehavior [ RunTime:0.000151s ]
INFO: [ template_filter ] --END-- [ RunTime:0.000307s ]
INFO: Run Behavior\ParseTemplateBehavior [ RunTime:0.015472s ]
INFO: [ view_parse ] --END-- [ RunTime:0.015702s ]
INFO: [ view_filter ] --START--
INFO: Run Behavior\WriteHtmlCacheBehavior [ RunTime:0.000657s ]
INFO: [ view_filter ] --END-- [ RunTime:0.000888s ]
INFO: [ app_end ] --START--
INFO: Run Behavior\ShowPageTraceBehavior [ RunTime:0.000814s ]
INFO: [ app_end ] --END-- [ RunTime:0.000974s ]

[ 2017-03-20T16:28:35+08:00 ] ::1 /pblog/Index.php/Home/Index/guestbook.html
INFO: [ app_init ] --START--
INFO: Run Behavior\BuildLiteBehavior [ RunTime:0.000028s ]
INFO: [ app_init ] --END-- [ RunTime:0.000493s ]
INFO: [ app_begin ] --START--
INFO: Run Behavior\ReadHtmlCacheBehavior [ RunTime:0.000863s ]
INFO: [ app_begin ] --END-- [ RunTime:0.001007s ]
NOTIC: [8] Undefined index: user C:\wamp\www\pBlog\Blog\Home\Controller\IndexController.class.php 第 160 行.
SQL: SHOW COLUMNS FROM `liuyan` [ RunTime:0.0035s ]
SQL: SELECT COUNT(*) AS tp_count FROM `liuyan` LIMIT 1   [ RunTime:0.0005s ]
SQL: SELECT * FROM `liuyan` ORDER BY id desc LIMIT 0,10   [ RunTime:0.0003s ]
NOTIC: [2] strlen() expects parameter 1 to be string, array given C:\wamp\www\pBlog\Blog\Home\Controller\IndexController.class.php 第 180 行.
NOTIC: [2] strlen() expects parameter 1 to be string, array given C:\wamp\www\pBlog\Blog\Home\Controller\IndexController.class.php 第 181 行.
INFO: [ view_parse ] --START--
INFO: [ template_filter ] --START--
INFO: Run Behavior\ContentReplaceBehavior [ RunTime:0.000124s ]
INFO: [ template_filter ] --END-- [ RunTime:0.000296s ]
INFO: Run Behavior\ParseTemplateBehavior [ RunTime:0.016538s ]
INFO: [ view_parse ] --END-- [ RunTime:0.016811s ]
INFO: [ view_filter ] --START--
INFO: Run Behavior\WriteHtmlCacheBehavior [ RunTime:0.001020s ]
INFO: [ view_filter ] --END-- [ RunTime:0.001233s ]
INFO: [ app_end ] --START--
INFO: Run Behavior\ShowPageTraceBehavior [ RunTime:0.001078s ]
INFO: [ app_end ] --END-- [ RunTime:0.001261s ]

[ 2017-03-20T16:28:36+08:00 ] ::1 /pblog/Index.php/Home/Index/guestbook.html
INFO: [ app_init ] --START--
INFO: Run Behavior\BuildLiteBehavior [ RunTime:0.000037s ]
INFO: [ app_init ] --END-- [ RunTime:0.000525s ]
INFO: [ app_begin ] --START--
INFO: Run Behavior\ReadHtmlCacheBehavior [ RunTime:0.000733s ]
INFO: [ app_begin ] --END-- [ RunTime:0.000872s ]
NOTIC: [8] Undefined index: user C:\wamp\www\pBlog\Blog\Home\Controller\IndexController.class.php 第 160 行.
SQL: SHOW COLUMNS FROM `liuyan` [ RunTime:0.0050s ]
SQL: SELECT COUNT(*) AS tp_count FROM `liuyan` LIMIT 1   [ RunTime:0.0004s ]
SQL: SELECT * FROM `liuyan` ORDER BY id desc LIMIT 0,10   [ RunTime:0.0005s ]
NOTIC: [2] strlen() expects parameter 1 to be string, array given C:\wamp\www\pBlog\Blog\Home\Controller\IndexController.class.php 第 180 行.
NOTIC: [2] strlen() expects parameter 1 to be string, array given C:\wamp\www\pBlog\Blog\Home\Controller\IndexController.class.php 第 181 行.
INFO: [ view_parse ] --START--
INFO: [ template_filter ] --START--
INFO: Run Behavior\ContentReplaceBehavior [ RunTime:0.000229s ]
INFO: [ template_filter ] --END-- [ RunTime:0.000505s ]
INFO: Run Behavior\ParseTemplateBehavior [ RunTime:0.016647s ]
INFO: [ view_parse ] --END-- [ RunTime:0.016806s ]
INFO: [ view_filter ] --START--
INFO: Run Behavior\WriteHtmlCacheBehavior [ RunTime:0.000791s ]
INFO: [ view_filter ] --END-- [ RunTime:0.001032s ]
INFO: [ app_end ] --START--
INFO: Run Behavior\ShowPageTraceBehavior [ RunTime:0.001164s ]
INFO: [ app_end ] --END-- [ RunTime:0.001373s ]

[ 2017-03-20T16:29:10+08:00 ] ::1 /pblog/Index.php/Home/Index/guestbook.html
INFO: [ app_init ] --START--
INFO: Run Behavior\BuildLiteBehavior [ RunTime:0.000055s ]
INFO: [ app_init ] --END-- [ RunTime:0.000692s ]
INFO: [ app_begin ] --START--
INFO: Run Behavior\ReadHtmlCacheBehavior [ RunTime:0.001965s ]
INFO: [ app_begin ] --END-- [ RunTime:0.002267s ]
NOTIC: [8] Undefined index: user C:\wamp\www\pBlog\Blog\Home\Controller\IndexController.class.php 第 160 行.
SQL: SHOW COLUMNS FROM `liuyan` [ RunTime:0.0036s ]
SQL: SELECT COUNT(*) AS tp_count FROM `liuyan` LIMIT 1   [ RunTime:0.0006s ]
SQL: SELECT * FROM `liuyan` ORDER BY id desc LIMIT 0,10   [ RunTime:0.0003s ]
INFO: [ view_parse ] --START--
INFO: [ template_filter ] --START--
INFO: Run Behavior\ContentReplaceBehavior [ RunTime:0.000180s ]
INFO: [ template_filter ] --END-- [ RunTime:0.000356s ]
INFO: Run Behavior\ParseTemplateBehavior [ RunTime:0.017382s ]
INFO: [ view_parse ] --END-- [ RunTime:0.017547s ]
INFO: [ view_filter ] --START--
INFO: Run Behavior\WriteHtmlCacheBehavior [ RunTime:0.000658s ]
INFO: [ view_filter ] --END-- [ RunTime:0.000797s ]
INFO: [ app_end ] --START--
INFO: Run Behavior\ShowPageTraceBehavior [ RunTime:0.001088s ]
INFO: [ app_end ] --END-- [ RunTime:0.001307s ]

[ 2017-03-20T16:30:03+08:00 ] ::1 /pblog/Index.php/Home/Index/guestbook.html
INFO: [ app_init ] --START--
INFO: Run Behavior\BuildLiteBehavior [ RunTime:0.000032s ]
INFO: [ app_init ] --END-- [ RunTime:0.000523s ]
INFO: [ app_begin ] --START--
INFO: Run Behavior\ReadHtmlCacheBehavior [ RunTime:0.002439s ]
INFO: [ app_begin ] --END-- [ RunTime:0.002670s ]
NOTIC: [8] Undefined index: user C:\wamp\www\pBlog\Blog\Home\Controller\IndexController.class.php 第 160 行.
SQL: SHOW COLUMNS FROM `liuyan` [ RunTime:0.0043s ]
SQL: SELECT COUNT(*) AS tp_count FROM `liuyan` LIMIT 1   [ RunTime:0.0002s ]
SQL: SELECT * FROM `liuyan` ORDER BY id desc LIMIT 0,10   [ RunTime:0.0002s ]

[ 2017-03-20T16:30:16+08:00 ] ::1 /pblog/Index.php/Home/Index/guestbook.html
INFO: [ app_init ] --START--
INFO: Run Behavior\BuildLiteBehavior [ RunTime:0.000035s ]
INFO: [ app_init ] --END-- [ RunTime:0.000537s ]
INFO: [ app_begin ] --START--
INFO: Run Behavior\ReadHtmlCacheBehavior [ RunTime:0.000776s ]
INFO: [ app_begin ] --END-- [ RunTime:0.000934s ]
NOTIC: [8] Undefined index: user C:\wamp\www\pBlog\Blog\Home\Controller\IndexController.class.php 第 160 行.
SQL: SHOW COLUMNS FROM `liuyan` [ RunTime:0.0037s ]
SQL: SELECT COUNT(*) AS tp_count FROM `liuyan` LIMIT 1   [ RunTime:0.0003s ]
SQL: SELECT * FROM `liuyan` ORDER BY id desc LIMIT 0,10   [ RunTime:0.0010s ]

[ 2017-03-20T16:30:28+08:00 ] ::1 /pblog/Index.php/Home/Index/guestbook.html
INFO: [ app_init ] --START--
INFO: Run Behavior\BuildLiteBehavior [ RunTime:0.000055s ]
INFO: [ app_init ] --END-- [ RunTime:0.000791s ]
INFO: [ app_begin ] --START--
INFO: Run Behavior\ReadHtmlCacheBehavior [ RunTime:0.001391s ]
INFO: [ app_begin ] --END-- [ RunTime:0.001686s ]
NOTIC: [8] Undefined index: user C:\wamp\www\pBlog\Blog\Home\Controller\IndexController.class.php 第 160 行.
SQL: SHOW COLUMNS FROM `liuyan` [ RunTime:0.0047s ]
SQL: SELECT COUNT(*) AS tp_count FROM `liuyan` LIMIT 1   [ RunTime:0.0002s ]
SQL: SELECT * FROM `liuyan` ORDER BY id desc LIMIT 0,10   [ RunTime:0.0004s ]

[ 2017-03-20T16:31:54+08:00 ] ::1 /pblog/Index.php/Home/Index/guestbook.html
INFO: [ app_init ] --START--
INFO: Run Behavior\BuildLiteBehavior [ RunTime:0.000391s ]
INFO: [ app_init ] --END-- [ RunTime:0.001428s ]
INFO: [ app_begin ] --START--
INFO: Run Behavior\ReadHtmlCacheBehavior [ RunTime:0.002595s ]
INFO: [ app_begin ] --END-- [ RunTime:0.002825s ]
NOTIC: [8] Undefined index: user C:\wamp\www\pBlog\Blog\Home\Controller\IndexController.class.php 第 160 行.
SQL: SHOW COLUMNS FROM `liuyan` [ RunTime:0.0044s ]
SQL: SELECT COUNT(*) AS tp_count FROM `liuyan` LIMIT 1   [ RunTime:0.0003s ]
SQL: SELECT * FROM `liuyan` ORDER BY id desc LIMIT 0,10   [ RunTime:0.0004s ]
INFO: [ view_parse ] --START--
INFO: [ template_filter ] --START--
INFO: Run Behavior\ContentReplaceBehavior [ RunTime:0.000334s ]
INFO: [ template_filter ] --END-- [ RunTime:0.000727s ]
INFO: Run Behavior\ParseTemplateBehavior [ RunTime:0.023057s ]
INFO: [ view_parse ] --END-- [ RunTime:0.023312s ]
INFO: [ view_filter ] --START--
INFO: Run Behavior\WriteHtmlCacheBehavior [ RunTime:0.000747s ]
INFO: [ view_filter ] --END-- [ RunTime:0.000929s ]
INFO: [ app_end ] --START--
INFO: Run Behavior\ShowPageTraceBehavior [ RunTime:0.001394s ]
INFO: [ app_end ] --END-- [ RunTime:0.001914s ]

[ 2017-03-20T16:32:24+08:00 ] ::1 /pblog/Index.php/Home/Index/guestbook.html
INFO: [ app_init ] --START--
INFO: Run Behavior\BuildLiteBehavior [ RunTime:0.000032s ]
INFO: [ app_init ] --END-- [ RunTime:0.000535s ]
INFO: [ app_begin ] --START--
INFO: Run Behavior\ReadHtmlCacheBehavior [ RunTime:0.000822s ]
INFO: [ app_begin ] --END-- [ RunTime:0.001074s ]
NOTIC: [8] Undefined index: user C:\wamp\www\pBlog\Blog\Home\Controller\IndexController.class.php 第 160 行.
SQL: SHOW COLUMNS FROM `liuyan` [ RunTime:0.0045s ]
SQL: SELECT COUNT(*) AS tp_count FROM `liuyan` LIMIT 1   [ RunTime:0.0005s ]
SQL: SELECT * FROM `liuyan` ORDER BY id desc LIMIT 0,10   [ RunTime:0.0005s ]
INFO: [ view_parse ] --START--
INFO: [ template_filter ] --START--
INFO: Run Behavior\ContentReplaceBehavior [ RunTime:0.000178s ]
INFO: [ template_filter ] --END-- [ RunTime:0.000351s ]
INFO: Run Behavior\ParseTemplateBehavior [ RunTime:0.014794s ]
INFO: [ view_parse ] --END-- [ RunTime:0.015001s ]
INFO: [ view_filter ] --START--
INFO: Run Behavior\WriteHtmlCacheBehavior [ RunTime:0.000341s ]
INFO: [ view_filter ] --END-- [ RunTime:0.000486s ]
INFO: [ app_end ] --START--
INFO: Run Behavior\ShowPageTraceBehavior [ RunTime:0.000710s ]
INFO: [ app_end ] --END-- [ RunTime:0.000861s ]

[ 2017-03-20T16:33:02+08:00 ] ::1 /pblog/Index.php/Home/Index/guestbook.html
INFO: [ app_init ] --START--
INFO: Run Behavior\BuildLiteBehavior [ RunTime:0.000051s ]
INFO: [ app_init ] --END-- [ RunTime:0.000776s ]
INFO: [ app_begin ] --START--
INFO: Run Behavior\ReadHtmlCacheBehavior [ RunTime:0.000910s ]
INFO: [ app_begin ] --END-- [ RunTime:0.001054s ]
NOTIC: [8] Undefined index: user C:\wamp\www\pBlog\Blog\Home\Controller\IndexController.class.php 第 160 行.
SQL: SHOW COLUMNS FROM `liuyan` [ RunTime:0.0036s ]
SQL: SELECT COUNT(*) AS tp_count FROM `liuyan` LIMIT 1   [ RunTime:0.0003s ]
SQL: SELECT * FROM `liuyan` ORDER BY id desc LIMIT 0,10   [ RunTime:0.0003s ]
INFO: [ view_parse ] --START--
INFO: [ template_filter ] --START--
INFO: Run Behavior\ContentReplaceBehavior [ RunTime:0.000161s ]
INFO: [ template_filter ] --END-- [ RunTime:0.000324s ]
INFO: Run Behavior\ParseTemplateBehavior [ RunTime:0.016368s ]
INFO: [ view_parse ] --END-- [ RunTime:0.016606s ]
INFO: [ view_filter ] --START--
INFO: Run Behavior\WriteHtmlCacheBehavior [ RunTime:0.000605s ]
INFO: [ view_filter ] --END-- [ RunTime:0.000740s ]
INFO: [ app_end ] --START--
INFO: Run Behavior\ShowPageTraceBehavior [ RunTime:0.001063s ]
INFO: [ app_end ] --END-- [ RunTime:0.001316s ]

[ 2017-03-20T16:33:02+08:00 ] ::1 /pblog/Index.php/Home/Index/__PUBLIC__/images/guestbook/face/%E6%95%B2%E6%89%93.gif
INFO: [ app_init ] --START--
INFO: Run Behavior\BuildLiteBehavior [ RunTime:0.000068s ]
INFO: [ app_init ] --END-- [ RunTime:0.001242s ]

[ 2017-03-20T16:33:02+08:00 ] ::1 /pblog/Index.php/Home/Index/__PUBLIC__/images/guestbook/face/%E9%AA%B7%E9%AB%85.gif
INFO: [ app_init ] --START--
INFO: Run Behavior\BuildLiteBehavior [ RunTime:0.000114s ]
INFO: [ app_init ] --END-- [ RunTime:0.001166s ]

[ 2017-03-20T16:33:02+08:00 ] ::1 /pblog/Index.php/Home/Index/__PUBLIC__/images/guestbook/face/%E5%8F%AF%E7%88%B1][%E6%95%B2%E6%89%93.gif
INFO: [ app_init ] --START--
INFO: Run Behavior\BuildLiteBehavior [ RunTime:0.000070s ]
INFO: [ app_init ] --END-- [ RunTime:0.001166s ]

[ 2017-03-20T16:33:02+08:00 ] ::1 /pblog/Index.php/Home/Index/__PUBLIC__/images/guestbook/face/%E6%8A%98%E7%A3%A8.gif
INFO: [ app_init ] --START--
INFO: Run Behavior\BuildLiteBehavior [ RunTime:0.000072s ]
INFO: [ app_init ] --END-- [ RunTime:0.001219s ]

[ 2017-03-20T16:33:02+08:00 ] ::1 /pblog/Index.php/Home/Index/__PUBLIC__/images/guestbook/face/%E6%8A%93%E7%8B%82.gif
INFO: [ app_init ] --START--
INFO: Run Behavior\BuildLiteBehavior [ RunTime:0.000069s ]
INFO: [ app_init ] --END-- [ RunTime:0.034976s ]

[ 2017-03-20T16:33:03+08:00 ] ::1 /pblog/Index.php/Home/Index/__PUBLIC__/images/guestbook/face/%E8%A1%B0].gif
INFO: [ app_init ] --START--
INFO: Run Behavior\BuildLiteBehavior [ RunTime:0.000060s ]
INFO: [ app_init ] --END-- [ RunTime:0.001399s ]

[ 2017-03-20T16:33:03+08:00 ] ::1 /pblog/Index.php/Home/Index/__PUBLIC__/images/guestbook/face/%EF%BF%BD%EF%BF%BD%E5%86%8D%E8%AF%95%E8%AF%95%EF%BF%BD%EF%BF%BD.gif
INFO: [ app_init ] --START--
INFO: Run Behavior\BuildLiteBehavior [ RunTime:0.000056s ]
INFO: [ app_init ] --END-- [ RunTime:0.000905s ]

[ 2017-03-20T16:33:03+08:00 ] ::1 /pblog/Index.php/Home/Index/__PUBLIC__/images/guestbook/face/%EF%BF%BD%EF%BF%BD%E8%AF%95%E8%AF%95%EF%BF%BD%EF%BF%BD.gif
INFO: [ app_init ] --START--
INFO: Run Behavior\BuildLiteBehavior [ RunTime:0.000058s ]
INFO: [ app_init ] --END-- [ RunTime:0.001110s ]

[ 2017-03-20T16:33:10+08:00 ] ::1 /pblog/Index.php/Home/Index/guestbook.html
INFO: [ app_init ] --START--
INFO: Run Behavior\BuildLiteBehavior [ RunTime:0.000051s ]
INFO: [ app_init ] --END-- [ RunTime:0.000785s ]
INFO: [ app_begin ] --START--
INFO: Run Behavior\ReadHtmlCacheBehavior [ RunTime:0.000751s ]
INFO: [ app_begin ] --END-- [ RunTime:0.000892s ]
NOTIC: [8] Undefined index: user C:\wamp\www\pBlog\Blog\Home\Controller\IndexController.class.php 第 160 行.
SQL: SHOW COLUMNS FROM `liuyan` [ RunTime:0.0039s ]
SQL: SELECT COUNT(*) AS tp_count FROM `liuyan` LIMIT 1   [ RunTime:0.0004s ]
SQL: SELECT * FROM `liuyan` ORDER BY id desc LIMIT 0,10   [ RunTime:0.0005s ]
INFO: [ view_parse ] --START--
INFO: [ template_filter ] --START--
INFO: Run Behavior\ContentReplaceBehavior [ RunTime:0.000142s ]
INFO: [ template_filter ] --END-- [ RunTime:0.000293s ]
INFO: Run Behavior\ParseTemplateBehavior [ RunTime:0.014673s ]
INFO: [ view_parse ] --END-- [ RunTime:0.014868s ]
INFO: [ view_filter ] --START--
INFO: Run Behavior\WriteHtmlCacheBehavior [ RunTime:0.000497s ]
INFO: [ view_filter ] --END-- [ RunTime:0.000651s ]
INFO: [ app_end ] --START--
INFO: Run Behavior\ShowPageTraceBehavior [ RunTime:0.000930s ]
INFO: [ app_end ] --END-- [ RunTime:0.001150s ]

[ 2017-03-20T16:33:10+08:00 ] ::1 /pblog/Index.php/Home/Index/__PUBLIC__/images/guestbook/face/%E5%8F%AF%E7%88%B1][%E6%95%B2%E6%89%93.gif
INFO: [ app_init ] --START--
INFO: Run Behavior\BuildLiteBehavior [ RunTime:0.000054s ]
INFO: [ app_init ] --END-- [ RunTime:0.000771s ]

[ 2017-03-20T16:33:11+08:00 ] ::1 /pblog/Index.php/Home/Index/__PUBLIC__/images/guestbook/face/%E9%AA%B7%E9%AB%85.gif
INFO: [ app_init ] --START--
INFO: Run Behavior\BuildLiteBehavior [ RunTime:0.000048s ]
INFO: [ app_init ] --END-- [ RunTime:0.000707s ]

[ 2017-03-20T16:33:11+08:00 ] ::1 /pblog/Index.php/Home/Index/__PUBLIC__/images/guestbook/face/%E6%95%B2%E6%89%93.gif
INFO: [ app_init ] --START--
INFO: Run Behavior\BuildLiteBehavior [ RunTime:0.000053s ]
INFO: [ app_init ] --END-- [ RunTime:0.000860s ]

[ 2017-03-20T16:33:11+08:00 ] ::1 /pblog/Index.php/Home/Index/__PUBLIC__/images/guestbook/face/%EF%BF%BD%EF%BF%BD%E8%AF%95%E8%AF%95%EF%BF%BD%EF%BF%BD.gif
INFO: [ app_init ] --START--
INFO: Run Behavior\BuildLiteBehavior [ RunTime:0.000076s ]
INFO: [ app_init ] --END-- [ RunTime:0.001043s ]

[ 2017-03-20T16:33:11+08:00 ] ::1 /pblog/Index.php/Home/Index/__PUBLIC__/images/guestbook/face/%E6%8A%93%E7%8B%82.gif
INFO: [ app_init ] --START--
INFO: Run Behavior\BuildLiteBehavior [ RunTime:0.000356s ]
INFO: [ app_init ] --END-- [ RunTime:0.001963s ]

[ 2017-03-20T16:33:11+08:00 ] ::1 /pblog/Index.php/Home/Index/__PUBLIC__/images/guestbook/face/%E6%8A%98%E7%A3%A8.gif
INFO: [ app_init ] --START--
INFO: Run Behavior\BuildLiteBehavior [ RunTime:0.000286s ]
INFO: [ app_init ] --END-- [ RunTime:0.001483s ]

[ 2017-03-20T16:33:11+08:00 ] ::1 /pblog/Index.php/Home/Index/__PUBLIC__/images/guestbook/face/%EF%BF%BD%EF%BF%BD%E5%86%8D%E8%AF%95%E8%AF%95%EF%BF%BD%EF%BF%BD.gif
INFO: [ app_init ] --START--
INFO: Run Behavior\BuildLiteBehavior [ RunTime:0.000127s ]
INFO: [ app_init ] --END-- [ RunTime:0.001809s ]

[ 2017-03-20T16:33:11+08:00 ] ::1 /pblog/Index.php/Home/Index/__PUBLIC__/images/guestbook/face/%E8%A1%B0].gif
INFO: [ app_init ] --START--
INFO: Run Behavior\BuildLiteBehavior [ RunTime:0.000113s ]
INFO: [ app_init ] --END-- [ RunTime:0.000996s ]

[ 2017-03-20T16:33:57+08:00 ] ::1 /pblog/Index.php/Home/Index/guestbook.html
INFO: [ app_init ] --START--
INFO: Run Behavior\BuildLiteBehavior [ RunTime:0.000102s ]
INFO: [ app_init ] --END-- [ RunTime:0.001787s ]
INFO: [ app_begin ] --START--
INFO: Run Behavior\ReadHtmlCacheBehavior [ RunTime:0.000712s ]
INFO: [ app_begin ] --END-- [ RunTime:0.000850s ]
NOTIC: [8] Undefined index: user C:\wamp\www\pBlog\Blog\Home\Controller\IndexController.class.php 第 160 行.
SQL: SHOW COLUMNS FROM `liuyan` [ RunTime:0.0035s ]
SQL: SELECT COUNT(*) AS tp_count FROM `liuyan` LIMIT 1   [ RunTime:0.0003s ]
SQL: SELECT * FROM `liuyan` ORDER BY id desc LIMIT 0,10   [ RunTime:0.0004s ]
INFO: [ view_parse ] --START--
INFO: [ template_filter ] --START--
INFO: Run Behavior\ContentReplaceBehavior [ RunTime:0.000157s ]
INFO: [ template_filter ] --END-- [ RunTime:0.000320s ]
INFO: Run Behavior\ParseTemplateBehavior [ RunTime:0.016178s ]
INFO: [ view_parse ] --END-- [ RunTime:0.016374s ]
INFO: [ view_filter ] --START--
INFO: Run Behavior\WriteHtmlCacheBehavior [ RunTime:0.000666s ]
INFO: [ view_filter ] --END-- [ RunTime:0.000805s ]
INFO: [ app_end ] --START--
INFO: Run Behavior\ShowPageTraceBehavior [ RunTime:0.000870s ]
INFO: [ app_end ] --END-- [ RunTime:0.001064s ]

[ 2017-03-20T16:33:58+08:00 ] ::1 /pblog/Index.php/Home/Index/__PUBLIC__/images/guestbook/face/%E5%8F%AF%E7%88%B1][%E6%95%B2%E6%89%93.gif
INFO: [ app_init ] --START--
INFO: Run Behavior\BuildLiteBehavior [ RunTime:0.000055s ]
INFO: [ app_init ] --END-- [ RunTime:0.000784s ]

[ 2017-03-20T16:33:58+08:00 ] ::1 /pblog/Index.php/Home/Index/__PUBLIC__/images/guestbook/face/%E6%8A%93%E7%8B%82.gif
INFO: [ app_init ] --START--
INFO: Run Behavior\BuildLiteBehavior [ RunTime:0.000056s ]
INFO: [ app_init ] --END-- [ RunTime:0.000844s ]

[ 2017-03-20T16:33:58+08:00 ] ::1 /pblog/Index.php/Home/Index/__PUBLIC__/images/guestbook/face/%E9%AA%B7%E9%AB%85.gif
INFO: [ app_init ] --START--
INFO: Run Behavior\BuildLiteBehavior [ RunTime:0.000056s ]
INFO: [ app_init ] --END-- [ RunTime:0.000794s ]

[ 2017-03-20T16:33:58+08:00 ] ::1 /pblog/Index.php/Home/Index/__PUBLIC__/images/guestbook/face/%E6%95%B2%E6%89%93.gif
INFO: [ app_init ] --START--
INFO: Run Behavior\BuildLiteBehavior [ RunTime:0.000054s ]
INFO: [ app_init ] --END-- [ RunTime:0.000950s ]

[ 2017-03-20T16:33:58+08:00 ] ::1 /pblog/Index.php/Home/Index/__PUBLIC__/images/guestbook/face/%E8%A1%B0].gif
INFO: [ app_init ] --START--
INFO: Run Behavior\BuildLiteBehavior [ RunTime:0.000054s ]
INFO: [ app_init ] --END-- [ RunTime:0.000876s ]

[ 2017-03-20T16:33:58+08:00 ] ::1 /pblog/Index.php/Home/Index/__PUBLIC__/images/guestbook/face/%EF%BF%BD%EF%BF%BD%E8%AF%95%E8%AF%95%EF%BF%BD%EF%BF%BD.gif
INFO: [ app_init ] --START--
INFO: Run Behavior\BuildLiteBehavior [ RunTime:0.000055s ]
INFO: [ app_init ] --END-- [ RunTime:0.001245s ]

[ 2017-03-20T16:33:58+08:00 ] ::1 /pblog/Index.php/Home/Index/__PUBLIC__/images/guestbook/face/%E6%8A%98%E7%A3%A8.gif
INFO: [ app_init ] --START--
INFO: Run Behavior\BuildLiteBehavior [ RunTime:0.000056s ]
INFO: [ app_init ] --END-- [ RunTime:0.000846s ]

[ 2017-03-20T16:33:58+08:00 ] ::1 /pblog/Index.php/Home/Index/__PUBLIC__/images/guestbook/face/%EF%BF%BD%EF%BF%BD%E5%86%8D%E8%AF%95%E8%AF%95%EF%BF%BD%EF%BF%BD.gif
INFO: [ app_init ] --START--
INFO: Run Behavior\BuildLiteBehavior [ RunTime:0.000035s ]
INFO: [ app_init ] --END-- [ RunTime:0.000697s ]

[ 2017-03-20T16:35:24+08:00 ] ::1 /pblog/Index.php/Home/Index/guestbook.html
INFO: [ app_init ] --START--
INFO: Run Behavior\BuildLiteBehavior [ RunTime:0.000039s ]
INFO: [ app_init ] --END-- [ RunTime:0.000736s ]
INFO: [ app_begin ] --START--
INFO: Run Behavior\ReadHtmlCacheBehavior [ RunTime:0.002618s ]
INFO: [ app_begin ] --END-- [ RunTime:0.003154s ]
NOTIC: [8] Undefined index: user C:\wamp\www\pBlog\Blog\Home\Controller\IndexController.class.php 第 160 行.
SQL: SHOW COLUMNS FROM `liuyan` [ RunTime:0.0051s ]
SQL: SELECT COUNT(*) AS tp_count FROM `liuyan` LIMIT 1   [ RunTime:0.0006s ]
SQL: SELECT * FROM `liuyan` ORDER BY id desc LIMIT 0,10   [ RunTime:0.0005s ]
INFO: [ view_parse ] --START--
INFO: [ template_filter ] --START--
INFO: Run Behavior\ContentReplaceBehavior [ RunTime:0.000863s ]
INFO: [ template_filter ] --END-- [ RunTime:0.001345s ]
INFO: Run Behavior\ParseTemplateBehavior [ RunTime:0.030210s ]
INFO: [ view_parse ] --END-- [ RunTime:0.030596s ]
INFO: [ view_filter ] --START--
INFO: Run Behavior\WriteHtmlCacheBehavior [ RunTime:0.001805s ]
INFO: [ view_filter ] --END-- [ RunTime:0.002175s ]
INFO: [ app_end ] --START--
INFO: Run Behavior\ShowPageTraceBehavior [ RunTime:0.002353s ]
INFO: [ app_end ] --END-- [ RunTime:0.002898s ]

[ 2017-03-20T16:35:24+08:00 ] ::1 /pblog/Index.php/Home/images/guestbook/face/%E5%8F%AF%E7%88%B1][%E6%95%B2%E6%89%93.gif
INFO: [ app_init ] --START--
INFO: Run Behavior\BuildLiteBehavior [ RunTime:0.000074s ]
INFO: [ app_init ] --END-- [ RunTime:0.001284s ]

[ 2017-03-20T16:35:24+08:00 ] ::1 /pblog/Index.php/Home/images/guestbook/face/%E6%8A%93%E7%8B%82.gif
INFO: [ app_init ] --START--
INFO: Run Behavior\BuildLiteBehavior [ RunTime:0.000072s ]
INFO: [ app_init ] --END-- [ RunTime:0.001990s ]

[ 2017-03-20T16:35:24+08:00 ] ::1 /pblog/Index.php/Home/images/guestbook/face/%E6%95%B2%E6%89%93.gif
INFO: [ app_init ] --START--
INFO: Run Behavior\BuildLiteBehavior [ RunTime:0.000064s ]
INFO: [ app_init ] --END-- [ RunTime:0.001030s ]

[ 2017-03-20T16:35:24+08:00 ] ::1 /pblog/Index.php/Home/images/guestbook/face/%E8%A1%B0].gif
INFO: [ app_init ] --START--
INFO: Run Behavior\BuildLiteBehavior [ RunTime:0.000069s ]
INFO: [ app_init ] --END-- [ RunTime:0.001205s ]

[ 2017-03-20T16:35:24+08:00 ] ::1 /pblog/Index.php/Home/images/guestbook/face/%EF%BF%BD%EF%BF%BD%E5%86%8D%E8%AF%95%E8%AF%95%EF%BF%BD%EF%BF%BD.gif
INFO: [ app_init ] --START--
INFO: Run Behavior\BuildLiteBehavior [ RunTime:0.000105s ]
INFO: [ app_init ] --END-- [ RunTime:0.001450s ]

[ 2017-03-20T16:35:24+08:00 ] ::1 /pblog/Index.php/Home/images/guestbook/face/%E6%8A%98%E7%A3%A8.gif
INFO: [ app_init ] --START--
INFO: Run Behavior\BuildLiteBehavior [ RunTime:0.000257s ]
INFO: [ app_init ] --END-- [ RunTime:0.001561s ]

[ 2017-03-20T16:35:24+08:00 ] ::1 /pblog/Index.php/Home/images/guestbook/face/%EF%BF%BD%EF%BF%BD%E8%AF%95%E8%AF%95%EF%BF%BD%EF%BF%BD.gif
INFO: [ app_init ] --START--
INFO: Run Behavior\BuildLiteBehavior [ RunTime:0.026883s ]
INFO: [ app_init ] --END-- [ RunTime:0.028670s ]

[ 2017-03-20T16:35:36+08:00 ] ::1 /pblog/Index.php/Home/Index/guestbook.html
INFO: [ app_init ] --START--
INFO: Run Behavior\BuildLiteBehavior [ RunTime:0.001422s ]
INFO: [ app_init ] --END-- [ RunTime:0.003171s ]
INFO: [ app_begin ] --START--
INFO: Run Behavior\ReadHtmlCacheBehavior [ RunTime:0.002175s ]
INFO: [ app_begin ] --END-- [ RunTime:0.002461s ]
NOTIC: [8] Undefined index: user C:\wamp\www\pBlog\Blog\Home\Controller\IndexController.class.php 第 160 行.
SQL: SHOW COLUMNS FROM `liuyan` [ RunTime:0.0045s ]
SQL: SELECT COUNT(*) AS tp_count FROM `liuyan` LIMIT 1   [ RunTime:0.0003s ]
SQL: SELECT * FROM `liuyan` ORDER BY id desc LIMIT 0,10   [ RunTime:0.0005s ]
INFO: [ view_parse ] --START--
INFO: [ template_filter ] --START--
INFO: Run Behavior\ContentReplaceBehavior [ RunTime:0.000301s ]
INFO: [ template_filter ] --END-- [ RunTime:0.000668s ]
INFO: Run Behavior\ParseTemplateBehavior [ RunTime:0.032381s ]
INFO: [ view_parse ] --END-- [ RunTime:0.032631s ]
INFO: [ view_filter ] --START--
INFO: Run Behavior\WriteHtmlCacheBehavior [ RunTime:0.001279s ]
INFO: [ view_filter ] --END-- [ RunTime:0.001768s ]
INFO: [ app_end ] --START--
INFO: Run Behavior\ShowPageTraceBehavior [ RunTime:0.004787s ]
INFO: [ app_end ] --END-- [ RunTime:0.005392s ]

[ 2017-03-20T16:35:37+08:00 ] ::1 /pblog/Index.php/Home/Index/images/guestbook/face/%E6%8A%93%E7%8B%82.gif
INFO: [ app_init ] --START--
INFO: Run Behavior\BuildLiteBehavior [ RunTime:0.000054s ]
INFO: [ app_init ] --END-- [ RunTime:0.000761s ]

[ 2017-03-20T16:35:37+08:00 ] ::1 /pblog/Index.php/Home/Index/images/guestbook/face/%E6%8A%98%E7%A3%A8.gif
INFO: [ app_init ] --START--
INFO: Run Behavior\BuildLiteBehavior [ RunTime:0.000052s ]
INFO: [ app_init ] --END-- [ RunTime:0.000766s ]

[ 2017-03-20T16:35:37+08:00 ] ::1 /pblog/Index.php/Home/Index/images/guestbook/face/%E6%95%B2%E6%89%93.gif
INFO: [ app_init ] --START--
INFO: Run Behavior\BuildLiteBehavior [ RunTime:0.001009s ]
INFO: [ app_init ] --END-- [ RunTime:0.002358s ]

[ 2017-03-20T16:35:37+08:00 ] ::1 /pblog/Index.php/Home/Index/images/guestbook/face/%EF%BF%BD%EF%BF%BD%E5%86%8D%E8%AF%95%E8%AF%95%EF%BF%BD%EF%BF%BD.gif
INFO: [ app_init ] --START--
INFO: Run Behavior\BuildLiteBehavior [ RunTime:0.000050s ]
INFO: [ app_init ] --END-- [ RunTime:0.000749s ]

[ 2017-03-20T16:35:37+08:00 ] ::1 /pblog/Index.php/Home/Index/images/guestbook/face/%E8%A1%B0].gif
INFO: [ app_init ] --START--
INFO: Run Behavior\BuildLiteBehavior [ RunTime:0.000054s ]
INFO: [ app_init ] --END-- [ RunTime:0.000911s ]

[ 2017-03-20T16:35:37+08:00 ] ::1 /pblog/Index.php/Home/Index/images/guestbook/face/%E9%AA%B7%E9%AB%85.gif
INFO: [ app_init ] --START--
INFO: Run Behavior\BuildLiteBehavior [ RunTime:0.000055s ]
INFO: [ app_init ] --END-- [ RunTime:0.005846s ]

[ 2017-03-20T16:35:37+08:00 ] ::1 /pblog/Index.php/Home/Index/images/guestbook/face/%EF%BF%BD%EF%BF%BD%E8%AF%95%E8%AF%95%EF%BF%BD%EF%BF%BD.gif
INFO: [ app_init ] --START--
INFO: Run Behavior\BuildLiteBehavior [ RunTime:0.000049s ]
INFO: [ app_init ] --END-- [ RunTime:0.000900s ]

[ 2017-03-20T16:35:37+08:00 ] ::1 /pblog/Index.php/Home/Index/images/guestbook/face/%E5%8F%AF%E7%88%B1][%E6%95%B2%E6%89%93.gif
INFO: [ app_init ] --START--
INFO: Run Behavior\BuildLiteBehavior [ RunTime:0.000053s ]
INFO: [ app_init ] --END-- [ RunTime:0.000913s ]

[ 2017-03-20T16:36:20+08:00 ] ::1 /pblog/Index.php/Home/Index/guestbook.html
INFO: [ app_init ] --START--
INFO: Run Behavior\BuildLiteBehavior [ RunTime:0.000052s ]
INFO: [ app_init ] --END-- [ RunTime:0.000754s ]
INFO: [ app_begin ] --START--
INFO: Run Behavior\ReadHtmlCacheBehavior [ RunTime:0.001392s ]
INFO: [ app_begin ] --END-- [ RunTime:0.001630s ]
NOTIC: [8] Undefined index: user C:\wamp\www\pBlog\Blog\Home\Controller\IndexController.class.php 第 160 行.
SQL: SHOW COLUMNS FROM `liuyan` [ RunTime:0.0043s ]
SQL: SELECT COUNT(*) AS tp_count FROM `liuyan` LIMIT 1   [ RunTime:0.0003s ]
SQL: SELECT * FROM `liuyan` ORDER BY id desc LIMIT 0,10   [ RunTime:0.0003s ]
INFO: [ view_parse ] --START--
INFO: [ template_filter ] --START--
INFO: Run Behavior\ContentReplaceBehavior [ RunTime:0.000150s ]
INFO: [ template_filter ] --END-- [ RunTime:0.000311s ]
INFO: Run Behavior\ParseTemplateBehavior [ RunTime:0.019447s ]
INFO: [ view_parse ] --END-- [ RunTime:0.019646s ]
INFO: [ view_filter ] --START--
INFO: Run Behavior\WriteHtmlCacheBehavior [ RunTime:0.001333s ]
INFO: [ view_filter ] --END-- [ RunTime:0.001485s ]
INFO: [ app_end ] --START--
INFO: Run Behavior\ShowPageTraceBehavior [ RunTime:0.001382s ]
INFO: [ app_end ] --END-- [ RunTime:0.001696s ]

[ 2017-03-20T16:36:20+08:00 ] ::1 /pblog/Index.php/Home/Index/images/guestbook/face/%E5%8F%AF%E7%88%B1][%E6%95%B2%E6%89%93.gif
INFO: [ app_init ] --START--
INFO: Run Behavior\BuildLiteBehavior [ RunTime:0.000055s ]
INFO: [ app_init ] --END-- [ RunTime:0.001013s ]

[ 2017-03-20T16:36:20+08:00 ] ::1 /pblog/Index.php/Home/Index/images/guestbook/face/%E6%8A%93%E7%8B%82.gif
INFO: [ app_init ] --START--
INFO: Run Behavior\BuildLiteBehavior [ RunTime:0.000109s ]
INFO: [ app_init ] --END-- [ RunTime:0.001381s ]

[ 2017-03-20T16:36:20+08:00 ] ::1 /pblog/Index.php/Home/Index/images/guestbook/face/%EF%BF%BD%EF%BF%BD%E8%AF%95%E8%AF%95%EF%BF%BD%EF%BF%BD.gif
INFO: [ app_init ] --START--
INFO: Run Behavior\BuildLiteBehavior [ RunTime:0.000060s ]
INFO: [ app_init ] --END-- [ RunTime:0.001206s ]

[ 2017-03-20T16:36:20+08:00 ] ::1 /pblog/Index.php/Home/Index/images/guestbook/face/%E6%8A%98%E7%A3%A8.gif
INFO: [ app_init ] --START--
INFO: Run Behavior\BuildLiteBehavior [ RunTime:0.000087s ]
INFO: [ app_init ] --END-- [ RunTime:0.002338s ]

[ 2017-03-20T16:36:20+08:00 ] ::1 /pblog/Index.php/Home/Index/images/guestbook/face/%E8%A1%B0].gif
INFO: [ app_init ] --START--
INFO: Run Behavior\BuildLiteBehavior [ RunTime:0.000081s ]
INFO: [ app_init ] --END-- [ RunTime:0.001282s ]

[ 2017-03-20T16:36:20+08:00 ] ::1 /pblog/Index.php/Home/Index/images/guestbook/face/%E6%95%B2%E6%89%93.gif
INFO: [ app_init ] --START--
INFO: Run Behavior\BuildLiteBehavior [ RunTime:0.000055s ]
INFO: [ app_init ] --END-- [ RunTime:0.000786s ]

[ 2017-03-20T16:36:20+08:00 ] ::1 /pblog/Index.php/Home/Index/images/guestbook/face/%EF%BF%BD%EF%BF%BD%E5%86%8D%E8%AF%95%E8%AF%95%EF%BF%BD%EF%BF%BD.gif
INFO: [ app_init ] --START--
INFO: Run Behavior\BuildLiteBehavior [ RunTime:0.000057s ]
INFO: [ app_init ] --END-- [ RunTime:0.001742s ]

[ 2017-03-20T16:36:20+08:00 ] ::1 /pblog/Index.php/Home/Index/images/guestbook/face/%E9%AA%B7%E9%AB%85.gif
INFO: [ app_init ] --START--
INFO: Run Behavior\BuildLiteBehavior [ RunTime:0.000054s ]
INFO: [ app_init ] --END-- [ RunTime:0.001022s ]

[ 2017-03-20T16:37:03+08:00 ] ::1 /pblog/Index.php/Home/Index/guestbook.html
INFO: [ app_init ] --START--
INFO: Run Behavior\BuildLiteBehavior [ RunTime:0.000066s ]
INFO: [ app_init ] --END-- [ RunTime:0.000955s ]
INFO: [ app_begin ] --START--
INFO: Run Behavior\ReadHtmlCacheBehavior [ RunTime:0.001578s ]
INFO: [ app_begin ] --END-- [ RunTime:0.001977s ]
NOTIC: [8] Undefined index: user C:\wamp\www\pBlog\Blog\Home\Controller\IndexController.class.php 第 160 行.
SQL: SHOW COLUMNS FROM `liuyan` [ RunTime:0.0054s ]
SQL: SELECT COUNT(*) AS tp_count FROM `liuyan` LIMIT 1   [ RunTime:0.0004s ]
SQL: SELECT * FROM `liuyan` ORDER BY id desc LIMIT 0,10   [ RunTime:0.0007s ]
INFO: [ view_parse ] --START--
INFO: [ template_filter ] --START--
INFO: Run Behavior\ContentReplaceBehavior [ RunTime:0.000188s ]
INFO: [ template_filter ] --END-- [ RunTime:0.000383s ]
INFO: Run Behavior\ParseTemplateBehavior [ RunTime:0.028308s ]
INFO: [ view_parse ] --END-- [ RunTime:0.028552s ]
INFO: [ view_filter ] --START--
INFO: Run Behavior\WriteHtmlCacheBehavior [ RunTime:0.001861s ]
INFO: [ view_filter ] --END-- [ RunTime:0.002317s ]
INFO: [ app_end ] --START--
INFO: Run Behavior\ShowPageTraceBehavior [ RunTime:0.002802s ]
INFO: [ app_end ] --END-- [ RunTime:0.003526s ]

[ 2017-03-20T16:37:03+08:00 ] ::1 /pblog/Index.php/Home/Index/__PUBLIC__/images/guestbook/face/%E6%95%B2%E6%89%93.gif
INFO: [ app_init ] --START--
INFO: Run Behavior\BuildLiteBehavior [ RunTime:0.000078s ]
INFO: [ app_init ] --END-- [ RunTime:0.001132s ]

[ 2017-03-20T16:37:03+08:00 ] ::1 /pblog/Index.php/Home/Index/__PUBLIC__/images/guestbook/face/%E5%8F%AF%E7%88%B1][%E6%95%B2%E6%89%93.gif
INFO: [ app_init ] --START--
INFO: Run Behavior\BuildLiteBehavior [ RunTime:0.000067s ]
INFO: [ app_init ] --END-- [ RunTime:0.000915s ]

[ 2017-03-20T16:37:03+08:00 ] ::1 /pblog/Index.php/Home/Index/__PUBLIC__/images/guestbook/face/%EF%BF%BD%EF%BF%BD%E5%86%8D%E8%AF%95%E8%AF%95%EF%BF%BD%EF%BF%BD.gif
INFO: [ app_init ] --START--
INFO: Run Behavior\BuildLiteBehavior [ RunTime:0.000062s ]
INFO: [ app_init ] --END-- [ RunTime:0.000999s ]

[ 2017-03-20T16:37:03+08:00 ] ::1 /pblog/Index.php/Home/Index/__PUBLIC__/images/guestbook/face/%E6%8A%93%E7%8B%82.gif
INFO: [ app_init ] --START--
INFO: Run Behavior\BuildLiteBehavior [ RunTime:0.000061s ]
INFO: [ app_init ] --END-- [ RunTime:0.001871s ]

[ 2017-03-20T16:37:03+08:00 ] ::1 /pblog/Index.php/Home/Index/__PUBLIC__/images/guestbook/face/%E8%A1%B0].gif
INFO: [ app_init ] --START--
INFO: Run Behavior\BuildLiteBehavior [ RunTime:0.000055s ]
INFO: [ app_init ] --END-- [ RunTime:0.000804s ]

[ 2017-03-20T16:37:03+08:00 ] ::1 /pblog/Index.php/Home/Index/__PUBLIC__/images/guestbook/face/%E9%AA%B7%E9%AB%85.gif
INFO: [ app_init ] --START--
INFO: Run Behavior\BuildLiteBehavior [ RunTime:0.000386s ]
INFO: [ app_init ] --END-- [ RunTime:0.002723s ]

[ 2017-03-20T16:37:03+08:00 ] ::1 /pblog/Index.php/Home/Index/__PUBLIC__/images/guestbook/face/%EF%BF%BD%EF%BF%BD%E8%AF%95%E8%AF%95%EF%BF%BD%EF%BF%BD.gif
INFO: [ app_init ] --START--
INFO: Run Behavior\BuildLiteBehavior [ RunTime:0.000056s ]
INFO: [ app_init ] --END-- [ RunTime:0.000995s ]

[ 2017-03-20T16:37:03+08:00 ] ::1 /pblog/Index.php/Home/Index/__PUBLIC__/images/guestbook/face/%E6%8A%98%E7%A3%A8.gif
INFO: [ app_init ] --START--
INFO: Run Behavior\BuildLiteBehavior [ RunTime:0.000207s ]
INFO: [ app_init ] --END-- [ RunTime:0.001242s ]

[ 2017-03-20T16:37:28+08:00 ] ::1 /pblog/Index.php/Home/Index/guestbook.html
INFO: [ app_init ] --START--
INFO: Run Behavior\BuildLiteBehavior [ RunTime:0.000053s ]
INFO: [ app_init ] --END-- [ RunTime:0.000935s ]
INFO: [ app_begin ] --START--
INFO: Run Behavior\ReadHtmlCacheBehavior [ RunTime:0.000921s ]
INFO: [ app_begin ] --END-- [ RunTime:0.001266s ]
NOTIC: [8] Undefined index: user C:\wamp\www\pBlog\Blog\Home\Controller\IndexController.class.php 第 160 行.
SQL: SHOW COLUMNS FROM `liuyan` [ RunTime:0.0059s ]
SQL: SELECT COUNT(*) AS tp_count FROM `liuyan` LIMIT 1   [ RunTime:0.0004s ]
SQL: SELECT * FROM `liuyan` ORDER BY id desc LIMIT 0,10   [ RunTime:0.0004s ]
INFO: [ view_parse ] --START--
INFO: [ template_filter ] --START--
INFO: Run Behavior\ContentReplaceBehavior [ RunTime:0.000328s ]
INFO: [ template_filter ] --END-- [ RunTime:0.000801s ]
INFO: Run Behavior\ParseTemplateBehavior [ RunTime:0.026845s ]
INFO: [ view_parse ] --END-- [ RunTime:0.027054s ]
INFO: [ view_filter ] --START--
INFO: Run Behavior\WriteHtmlCacheBehavior [ RunTime:0.001051s ]
INFO: [ view_filter ] --END-- [ RunTime:0.001316s ]
INFO: [ app_end ] --START--
INFO: Run Behavior\ShowPageTraceBehavior [ RunTime:0.001239s ]
INFO: [ app_end ] --END-- [ RunTime:0.001569s ]

[ 2017-03-20T16:37:52+08:00 ] ::1 /pblog/Index.php/Home/Index/guestbook.html
INFO: [ app_init ] --START--
INFO: Run Behavior\BuildLiteBehavior [ RunTime:0.000086s ]
INFO: [ app_init ] --END-- [ RunTime:0.001686s ]
INFO: [ app_begin ] --START--
INFO: Run Behavior\ReadHtmlCacheBehavior [ RunTime:0.001333s ]
INFO: [ app_begin ] --END-- [ RunTime:0.001549s ]
NOTIC: [8] Undefined index: user C:\wamp\www\pBlog\Blog\Home\Controller\IndexController.class.php 第 160 行.
SQL: SHOW COLUMNS FROM `liuyan` [ RunTime:0.0050s ]
SQL: SELECT COUNT(*) AS tp_count FROM `liuyan` LIMIT 1   [ RunTime:0.0004s ]
SQL: SELECT * FROM `liuyan` ORDER BY id desc LIMIT 0,10   [ RunTime:0.0004s ]
INFO: [ view_parse ] --START--
INFO: [ template_filter ] --START--
INFO: Run Behavior\ContentReplaceBehavior [ RunTime:0.000143s ]
INFO: [ template_filter ] --END-- [ RunTime:0.000298s ]
INFO: Run Behavior\ParseTemplateBehavior [ RunTime:0.021312s ]
INFO: [ view_parse ] --END-- [ RunTime:0.021698s ]
INFO: [ view_filter ] --START--
INFO: Run Behavior\WriteHtmlCacheBehavior [ RunTime:0.004221s ]
INFO: [ view_filter ] --END-- [ RunTime:0.004546s ]
INFO: [ app_end ] --START--
INFO: Run Behavior\ShowPageTraceBehavior [ RunTime:0.001917s ]
INFO: [ app_end ] --END-- [ RunTime:0.002262s ]

[ 2017-03-20T16:37:52+08:00 ] ::1 /pblog/Index.php/Home/Index/Public/images/guestbook/face/%E6%8A%98%E7%A3%A8.gif
INFO: [ app_init ] --START--
INFO: Run Behavior\BuildLiteBehavior [ RunTime:0.000067s ]
INFO: [ app_init ] --END-- [ RunTime:0.001123s ]

[ 2017-03-20T16:37:52+08:00 ] ::1 /pblog/Index.php/Home/Index/Public/images/guestbook/face/%E6%95%B2%E6%89%93.gif
INFO: [ app_init ] --START--
INFO: Run Behavior\BuildLiteBehavior [ RunTime:0.000065s ]
INFO: [ app_init ] --END-- [ RunTime:0.000863s ]

[ 2017-03-20T16:37:52+08:00 ] ::1 /pblog/Index.php/Home/Index/Public/images/guestbook/face/%EF%BF%BD%EF%BF%BD%E8%AF%95%E8%AF%95%EF%BF%BD%EF%BF%BD.gif
INFO: [ app_init ] --START--
INFO: Run Behavior\BuildLiteBehavior [ RunTime:0.000050s ]
INFO: [ app_init ] --END-- [ RunTime:0.000859s ]

[ 2017-03-20T16:37:52+08:00 ] ::1 /pblog/Index.php/Home/Index/Public/images/guestbook/face/%E6%8A%93%E7%8B%82.gif
INFO: [ app_init ] --START--
INFO: Run Behavior\BuildLiteBehavior [ RunTime:0.000068s ]
INFO: [ app_init ] --END-- [ RunTime:0.001055s ]

[ 2017-03-20T16:37:52+08:00 ] ::1 /pblog/Index.php/Home/Index/Public/images/guestbook/face/%E9%AA%B7%E9%AB%85.gif
INFO: [ app_init ] --START--
INFO: Run Behavior\BuildLiteBehavior [ RunTime:0.000068s ]
INFO: [ app_init ] --END-- [ RunTime:0.001012s ]

[ 2017-03-20T16:37:52+08:00 ] ::1 /pblog/Index.php/Home/Index/Public/images/guestbook/face/%EF%BF%BD%EF%BF%BD%E5%86%8D%E8%AF%95%E8%AF%95%EF%BF%BD%EF%BF%BD.gif
INFO: [ app_init ] --START--
INFO: Run Behavior\BuildLiteBehavior [ RunTime:0.000054s ]
INFO: [ app_init ] --END-- [ RunTime:0.000870s ]

[ 2017-03-20T16:37:52+08:00 ] ::1 /pblog/Index.php/Home/Index/Public/images/guestbook/face/%E8%A1%B0].gif
INFO: [ app_init ] --START--
INFO: Run Behavior\BuildLiteBehavior [ RunTime:0.000051s ]
INFO: [ app_init ] --END-- [ RunTime:0.000766s ]

[ 2017-03-20T16:37:52+08:00 ] ::1 /pblog/Index.php/Home/Index/Public/images/guestbook/face/%E5%8F%AF%E7%88%B1][%E6%95%B2%E6%89%93.gif
INFO: [ app_init ] --START--
INFO: Run Behavior\BuildLiteBehavior [ RunTime:0.000056s ]
INFO: [ app_init ] --END-- [ RunTime:0.001685s ]

[ 2017-03-20T16:38:35+08:00 ] ::1 /pblog/Index.php/Home/Index/guestbook.html
INFO: [ app_init ] --START--
INFO: Run Behavior\BuildLiteBehavior [ RunTime:0.000068s ]
INFO: [ app_init ] --END-- [ RunTime:0.001084s ]
INFO: [ app_begin ] --START--
INFO: Run Behavior\ReadHtmlCacheBehavior [ RunTime:0.001466s ]
INFO: [ app_begin ] --END-- [ RunTime:0.002088s ]
NOTIC: [8] Undefined index: user C:\wamp\www\pBlog\Blog\Home\Controller\IndexController.class.php 第 160 行.
SQL: SHOW COLUMNS FROM `liuyan` [ RunTime:0.0058s ]
SQL: SELECT COUNT(*) AS tp_count FROM `liuyan` LIMIT 1   [ RunTime:0.0004s ]
SQL: SELECT * FROM `liuyan` ORDER BY id desc LIMIT 0,10   [ RunTime:0.0006s ]
INFO: [ view_parse ] --START--
INFO: [ template_filter ] --START--
INFO: Run Behavior\ContentReplaceBehavior [ RunTime:0.000357s ]
INFO: [ template_filter ] --END-- [ RunTime:0.000808s ]
INFO: Run Behavior\ParseTemplateBehavior [ RunTime:0.024812s ]
INFO: [ view_parse ] --END-- [ RunTime:0.025042s ]
INFO: [ view_filter ] --START--
INFO: Run Behavior\WriteHtmlCacheBehavior [ RunTime:0.001756s ]
INFO: [ view_filter ] --END-- [ RunTime:0.001947s ]
INFO: [ app_end ] --START--
INFO: Run Behavior\ShowPageTraceBehavior [ RunTime:0.002100s ]
INFO: [ app_end ] --END-- [ RunTime:0.002493s ]

[ 2017-03-20T16:38:35+08:00 ] ::1 /pblog/Index.php/Home/Index/Public/images/guestbook/face/%E6%95%B2%E6%89%93.gif
INFO: [ app_init ] --START--
INFO: Run Behavior\BuildLiteBehavior [ RunTime:0.000063s ]
INFO: [ app_init ] --END-- [ RunTime:0.000827s ]

[ 2017-03-20T16:38:36+08:00 ] ::1 /pblog/Index.php/Home/Index/Public/images/guestbook/face/%E9%AA%B7%E9%AB%85.gif
INFO: [ app_init ] --START--
INFO: Run Behavior\BuildLiteBehavior [ RunTime:0.000059s ]
INFO: [ app_init ] --END-- [ RunTime:0.001169s ]

[ 2017-03-20T16:38:36+08:00 ] ::1 /pblog/Index.php/Home/Index/Public/images/guestbook/face/%E6%8A%93%E7%8B%82.gif
INFO: [ app_init ] --START--
INFO: Run Behavior\BuildLiteBehavior [ RunTime:0.000062s ]
INFO: [ app_init ] --END-- [ RunTime:0.000874s ]

[ 2017-03-20T16:38:36+08:00 ] ::1 /pblog/Index.php/Home/Index/Public/images/guestbook/face/%E5%8F%AF%E7%88%B1][%E6%95%B2%E6%89%93.gif
INFO: [ app_init ] --START--
INFO: Run Behavior\BuildLiteBehavior [ RunTime:0.000160s ]
INFO: [ app_init ] --END-- [ RunTime:0.001607s ]

[ 2017-03-20T16:38:36+08:00 ] ::1 /pblog/Index.php/Home/Index/Public/images/guestbook/face/%E6%8A%98%E7%A3%A8.gif
INFO: [ app_init ] --START--
INFO: Run Behavior\BuildLiteBehavior [ RunTime:0.000054s ]
INFO: [ app_init ] --END-- [ RunTime:0.000861s ]

[ 2017-03-20T16:38:36+08:00 ] ::1 /pblog/Index.php/Home/Index/Public/images/guestbook/face/%EF%BF%BD%EF%BF%BD%E8%AF%95%E8%AF%95%EF%BF%BD%EF%BF%BD.gif
INFO: [ app_init ] --START--
INFO: Run Behavior\BuildLiteBehavior [ RunTime:0.000054s ]
INFO: [ app_init ] --END-- [ RunTime:0.001090s ]

[ 2017-03-20T16:38:36+08:00 ] ::1 /pblog/Index.php/Home/Index/Public/images/guestbook/face/%EF%BF%BD%EF%BF%BD%E5%86%8D%E8%AF%95%E8%AF%95%EF%BF%BD%EF%BF%BD.gif
INFO: [ app_init ] --START--
INFO: Run Behavior\BuildLiteBehavior [ RunTime:0.000056s ]
INFO: [ app_init ] --END-- [ RunTime:0.000877s ]

[ 2017-03-20T16:38:36+08:00 ] ::1 /pblog/Index.php/Home/Index/Public/images/guestbook/face/%E8%A1%B0].gif
INFO: [ app_init ] --START--
INFO: Run Behavior\BuildLiteBehavior [ RunTime:0.000055s ]
INFO: [ app_init ] --END-- [ RunTime:0.000917s ]

[ 2017-03-20T16:42:02+08:00 ] ::1 /pblog/Index.php/Home/Index/guestbook.html
INFO: [ app_init ] --START--
INFO: Run Behavior\BuildLiteBehavior [ RunTime:0.000033s ]
INFO: [ app_init ] --END-- [ RunTime:0.000601s ]
INFO: [ app_begin ] --START--
INFO: Run Behavior\ReadHtmlCacheBehavior [ RunTime:0.000929s ]
INFO: [ app_begin ] --END-- [ RunTime:0.001137s ]
NOTIC: [8] Undefined index: user C:\wamp\www\pBlog\Blog\Home\Controller\IndexController.class.php 第 160 行.
SQL: SHOW COLUMNS FROM `liuyan` [ RunTime:0.0049s ]
SQL: SELECT COUNT(*) AS tp_count FROM `liuyan` LIMIT 1   [ RunTime:0.0004s ]
SQL: SELECT * FROM `liuyan` ORDER BY id desc LIMIT 0,10   [ RunTime:0.0009s ]
INFO: [ view_parse ] --START--
INFO: [ template_filter ] --START--
INFO: Run Behavior\ContentReplaceBehavior [ RunTime:0.000151s ]
INFO: [ template_filter ] --END-- [ RunTime:0.000322s ]
INFO: Run Behavior\ParseTemplateBehavior [ RunTime:0.018186s ]
INFO: [ view_parse ] --END-- [ RunTime:0.018406s ]
INFO: [ view_filter ] --START--
INFO: Run Behavior\WriteHtmlCacheBehavior [ RunTime:0.000621s ]
INFO: [ view_filter ] --END-- [ RunTime:0.000758s ]
INFO: [ app_end ] --START--
INFO: Run Behavior\ShowPageTraceBehavior [ RunTime:0.001173s ]
INFO: [ app_end ] --END-- [ RunTime:0.001394s ]

[ 2017-03-20T16:42:02+08:00 ] ::1 /pblog/Index.php/Home/Index/__PUBLIC__/images/guestbook/face/%E6%95%B2%E6%89%93.gif
INFO: [ app_init ] --START--
INFO: Run Behavior\BuildLiteBehavior [ RunTime:0.000052s ]
INFO: [ app_init ] --END-- [ RunTime:0.000807s ]

[ 2017-03-20T16:42:02+08:00 ] ::1 /pblog/Index.php/Home/Index/__PUBLIC__/images/guestbook/face/%EF%BF%BD%EF%BF%BD%E8%AF%95%E8%AF%95%EF%BF%BD%EF%BF%BD.gif
INFO: [ app_init ] --START--
INFO: Run Behavior\BuildLiteBehavior [ RunTime:0.000056s ]
INFO: [ app_init ] --END-- [ RunTime:0.000842s ]

[ 2017-03-20T16:42:02+08:00 ] ::1 /pblog/Index.php/Home/Index/__PUBLIC__/images/guestbook/face/%E5%8F%AF%E7%88%B1][%E6%95%B2%E6%89%93.gif
INFO: [ app_init ] --START--
INFO: Run Behavior\BuildLiteBehavior [ RunTime:0.000061s ]
INFO: [ app_init ] --END-- [ RunTime:0.000821s ]

[ 2017-03-20T16:42:02+08:00 ] ::1 /pblog/Index.php/Home/Index/__PUBLIC__/images/guestbook/face/%E6%8A%93%E7%8B%82.gif
INFO: [ app_init ] --START--
INFO: Run Behavior\BuildLiteBehavior [ RunTime:0.000052s ]
INFO: [ app_init ] --END-- [ RunTime:0.000929s ]

[ 2017-03-20T16:42:02+08:00 ] ::1 /pblog/Index.php/Home/Index/__PUBLIC__/images/guestbook/face/%E8%A1%B0].gif
INFO: [ app_init ] --START--
INFO: Run Behavior\BuildLiteBehavior [ RunTime:0.000052s ]
INFO: [ app_init ] --END-- [ RunTime:0.000848s ]

[ 2017-03-20T16:42:02+08:00 ] ::1 /pblog/Index.php/Home/Index/__PUBLIC__/images/guestbook/face/%E9%AA%B7%E9%AB%85.gif
INFO: [ app_init ] --START--
INFO: Run Behavior\BuildLiteBehavior [ RunTime:0.000054s ]
INFO: [ app_init ] --END-- [ RunTime:0.001666s ]

[ 2017-03-20T16:42:02+08:00 ] ::1 /pblog/Index.php/Home/Index/__PUBLIC__/images/guestbook/face/%E6%8A%98%E7%A3%A8.gif
INFO: [ app_init ] --START--
INFO: Run Behavior\BuildLiteBehavior [ RunTime:0.000060s ]
INFO: [ app_init ] --END-- [ RunTime:0.001931s ]

[ 2017-03-20T16:42:02+08:00 ] ::1 /pblog/Index.php/Home/Index/__PUBLIC__/images/guestbook/face/%EF%BF%BD%EF%BF%BD%E5%86%8D%E8%AF%95%E8%AF%95%EF%BF%BD%EF%BF%BD.gif
INFO: [ app_init ] --START--
INFO: Run Behavior\BuildLiteBehavior [ RunTime:0.000056s ]
INFO: [ app_init ] --END-- [ RunTime:0.000949s ]

[ 2017-03-20T16:42:16+08:00 ] ::1 /pblog/Index.php/Home/Index/guestbook.html
INFO: [ app_init ] --START--
INFO: Run Behavior\BuildLiteBehavior [ RunTime:0.000060s ]
INFO: [ app_init ] --END-- [ RunTime:0.001263s ]
INFO: [ app_begin ] --START--
INFO: Run Behavior\ReadHtmlCacheBehavior [ RunTime:0.001459s ]
INFO: [ app_begin ] --END-- [ RunTime:0.001735s ]
NOTIC: [8] Undefined index: user C:\wamp\www\pBlog\Blog\Home\Controller\IndexController.class.php 第 160 行.
SQL: SHOW COLUMNS FROM `liuyan` [ RunTime:0.0054s ]
SQL: SELECT COUNT(*) AS tp_count FROM `liuyan` LIMIT 1   [ RunTime:0.0004s ]
SQL: SELECT * FROM `liuyan` ORDER BY id desc LIMIT 0,10   [ RunTime:0.0005s ]
INFO: [ view_parse ] --START--
INFO: [ template_filter ] --START--
INFO: Run Behavior\ContentReplaceBehavior [ RunTime:0.000281s ]
INFO: [ template_filter ] --END-- [ RunTime:0.000599s ]
INFO: Run Behavior\ParseTemplateBehavior [ RunTime:0.029159s ]
INFO: [ view_parse ] --END-- [ RunTime:0.029620s ]
INFO: [ view_filter ] --START--
INFO: Run Behavior\WriteHtmlCacheBehavior [ RunTime:0.001224s ]
INFO: [ view_filter ] --END-- [ RunTime:0.001551s ]
INFO: [ app_end ] --START--
INFO: Run Behavior\ShowPageTraceBehavior [ RunTime:0.001736s ]
INFO: [ app_end ] --END-- [ RunTime:0.002020s ]

[ 2017-03-20T16:42:33+08:00 ] ::1 /pblog/Index.php/Home/Index/guestbook.html
INFO: [ app_init ] --START--
INFO: Run Behavior\BuildLiteBehavior [ RunTime:0.000056s ]
INFO: [ app_init ] --END-- [ RunTime:0.001493s ]
INFO: [ app_begin ] --START--
INFO: Run Behavior\ReadHtmlCacheBehavior [ RunTime:0.002508s ]
INFO: [ app_begin ] --END-- [ RunTime:0.002830s ]
NOTIC: [8] Undefined index: user C:\wamp\www\pBlog\Blog\Home\Controller\IndexController.class.php 第 160 行.
SQL: SHOW COLUMNS FROM `liuyan` [ RunTime:0.0036s ]
SQL: SELECT COUNT(*) AS tp_count FROM `liuyan` LIMIT 1   [ RunTime:0.0002s ]
SQL: SELECT * FROM `liuyan` ORDER BY id desc LIMIT 0,10   [ RunTime:0.0003s ]
INFO: [ view_parse ] --START--
INFO: [ template_filter ] --START--
INFO: Run Behavior\ContentReplaceBehavior [ RunTime:0.000152s ]
INFO: [ template_filter ] --END-- [ RunTime:0.000305s ]
INFO: Run Behavior\ParseTemplateBehavior [ RunTime:0.018310s ]
INFO: [ view_parse ] --END-- [ RunTime:0.018534s ]
INFO: [ view_filter ] --START--
INFO: Run Behavior\WriteHtmlCacheBehavior [ RunTime:0.000556s ]
INFO: [ view_filter ] --END-- [ RunTime:0.000780s ]
INFO: [ app_end ] --START--
INFO: Run Behavior\ShowPageTraceBehavior [ RunTime:0.001029s ]
INFO: [ app_end ] --END-- [ RunTime:0.001232s ]

[ 2017-03-20T16:43:16+08:00 ] ::1 /pblog/Index.php/Home/Index/guestbook.html
INFO: [ app_init ] --START--
INFO: Run Behavior\BuildLiteBehavior [ RunTime:0.000053s ]
INFO: [ app_init ] --END-- [ RunTime:0.001742s ]
INFO: [ app_begin ] --START--
INFO: Run Behavior\ReadHtmlCacheBehavior [ RunTime:0.003933s ]
INFO: [ app_begin ] --END-- [ RunTime:0.004323s ]
NOTIC: [8] Undefined index: user C:\wamp\www\pBlog\Blog\Home\Controller\IndexController.class.php 第 160 行.
SQL: SHOW COLUMNS FROM `liuyan` [ RunTime:0.0063s ]
SQL: SELECT COUNT(*) AS tp_count FROM `liuyan` LIMIT 1   [ RunTime:0.0005s ]
SQL: SELECT * FROM `liuyan` ORDER BY id desc LIMIT 0,10   [ RunTime:0.0007s ]
INFO: [ view_parse ] --START--
INFO: [ template_filter ] --START--
INFO: Run Behavior\ContentReplaceBehavior [ RunTime:0.000229s ]
INFO: [ template_filter ] --END-- [ RunTime:0.000436s ]
INFO: Run Behavior\ParseTemplateBehavior [ RunTime:0.023964s ]
INFO: [ view_parse ] --END-- [ RunTime:0.024213s ]
INFO: [ view_filter ] --START--
INFO: Run Behavior\WriteHtmlCacheBehavior [ RunTime:0.000592s ]
INFO: [ view_filter ] --END-- [ RunTime:0.000747s ]
INFO: [ app_end ] --START--
INFO: Run Behavior\ShowPageTraceBehavior [ RunTime:0.003107s ]
INFO: [ app_end ] --END-- [ RunTime:0.003470s ]

[ 2017-03-20T16:44:32+08:00 ] ::1 /pblog/Index.php/Home/Index/comment.html
INFO: [ app_init ] --START--
INFO: Run Behavior\BuildLiteBehavior [ RunTime:0.000037s ]
INFO: [ app_init ] --END-- [ RunTime:0.000737s ]
INFO: [ app_begin ] --START--
INFO: Run Behavior\ReadHtmlCacheBehavior [ RunTime:0.000944s ]
INFO: [ app_begin ] --END-- [ RunTime:0.001105s ]
NOTIC: [8] Undefined index: user C:\wamp\www\pBlog\Blog\Home\Controller\IndexController.class.php 第 242 行.

[ 2017-03-20T16:44:32+08:00 ] ::1 /pblog/Index.php/Home/Index/login.html
INFO: [ app_init ] --START--
INFO: Run Behavior\BuildLiteBehavior [ RunTime:0.000032s ]
INFO: [ app_init ] --END-- [ RunTime:0.000516s ]
INFO: [ app_begin ] --START--
INFO: Run Behavior\ReadHtmlCacheBehavior [ RunTime:0.000842s ]
INFO: [ app_begin ] --END-- [ RunTime:0.001040s ]
INFO: [ view_parse ] --START--
INFO: [ template_filter ] --START--
INFO: Run Behavior\ContentReplaceBehavior [ RunTime:0.000089s ]
INFO: [ template_filter ] --END-- [ RunTime:0.000255s ]
INFO: Run Behavior\ParseTemplateBehavior [ RunTime:0.008991s ]
INFO: [ view_parse ] --END-- [ RunTime:0.009198s ]
INFO: [ view_filter ] --START--
INFO: Run Behavior\WriteHtmlCacheBehavior [ RunTime:0.000928s ]
INFO: [ view_filter ] --END-- [ RunTime:0.001115s ]
INFO: [ app_end ] --START--
INFO: Run Behavior\ShowPageTraceBehavior [ RunTime:0.000829s ]
INFO: [ app_end ] --END-- [ RunTime:0.001040s ]

[ 2017-03-20T16:44:37+08:00 ] ::1 /pblog/Index.php/Home/Index/guestbook/p/2.html
INFO: [ app_init ] --START--
INFO: Run Behavior\BuildLiteBehavior [ RunTime:0.000055s ]
INFO: [ app_init ] --END-- [ RunTime:0.001365s ]
INFO: [ app_begin ] --START--
INFO: Run Behavior\ReadHtmlCacheBehavior [ RunTime:0.000836s ]
INFO: [ app_begin ] --END-- [ RunTime:0.001073s ]
NOTIC: [8] Undefined index: user C:\wamp\www\pBlog\Blog\Home\Controller\IndexController.class.php 第 160 行.
SQL: SHOW COLUMNS FROM `liuyan` [ RunTime:0.0047s ]
SQL: SELECT COUNT(*) AS tp_count FROM `liuyan` LIMIT 1   [ RunTime:0.0003s ]
SQL: SELECT * FROM `liuyan` ORDER BY id desc LIMIT 10,10   [ RunTime:0.0004s ]
INFO: [ view_parse ] --START--
INFO: [ template_filter ] --START--
INFO: Run Behavior\ContentReplaceBehavior [ RunTime:0.000159s ]
INFO: [ template_filter ] --END-- [ RunTime:0.000327s ]
INFO: Run Behavior\ParseTemplateBehavior [ RunTime:0.018288s ]
INFO: [ view_parse ] --END-- [ RunTime:0.018513s ]
INFO: [ view_filter ] --START--
INFO: Run Behavior\WriteHtmlCacheBehavior [ RunTime:0.000988s ]
INFO: [ view_filter ] --END-- [ RunTime:0.001412s ]
INFO: [ app_end ] --START--
INFO: Run Behavior\ShowPageTraceBehavior [ RunTime:0.003157s ]
INFO: [ app_end ] --END-- [ RunTime:0.003481s ]

[ 2017-03-20T16:44:40+08:00 ] ::1 /pblog/Index.php/Home/Index/guestbook/p/3.html
INFO: [ app_init ] --START--
INFO: Run Behavior\BuildLiteBehavior [ RunTime:0.000034s ]
INFO: [ app_init ] --END-- [ RunTime:0.000760s ]
INFO: [ app_begin ] --START--
INFO: Run Behavior\ReadHtmlCacheBehavior [ RunTime:0.002176s ]
INFO: [ app_begin ] --END-- [ RunTime:0.002693s ]
NOTIC: [8] Undefined index: user C:\wamp\www\pBlog\Blog\Home\Controller\IndexController.class.php 第 160 行.
SQL: SHOW COLUMNS FROM `liuyan` [ RunTime:0.0050s ]
SQL: SELECT COUNT(*) AS tp_count FROM `liuyan` LIMIT 1   [ RunTime:0.0005s ]
SQL: SELECT * FROM `liuyan` ORDER BY id desc LIMIT 20,10   [ RunTime:0.0004s ]
INFO: [ view_parse ] --START--
INFO: [ template_filter ] --START--
INFO: Run Behavior\ContentReplaceBehavior [ RunTime:0.000185s ]
INFO: [ template_filter ] --END-- [ RunTime:0.000415s ]
INFO: Run Behavior\ParseTemplateBehavior [ RunTime:0.017306s ]
INFO: [ view_parse ] --END-- [ RunTime:0.017508s ]
INFO: [ view_filter ] --START--
INFO: Run Behavior\WriteHtmlCacheBehavior [ RunTime:0.000658s ]
INFO: [ view_filter ] --END-- [ RunTime:0.000800s ]
INFO: [ app_end ] --START--
INFO: Run Behavior\ShowPageTraceBehavior [ RunTime:0.001869s ]
INFO: [ app_end ] --END-- [ RunTime:0.002226s ]

[ 2017-03-20T16:44:44+08:00 ] ::1 /pblog/Index.php/Home/Index/guestbook/p/2.html
INFO: [ app_init ] --START--
INFO: Run Behavior\BuildLiteBehavior [ RunTime:0.000053s ]
INFO: [ app_init ] --END-- [ RunTime:0.000854s ]
INFO: [ app_begin ] --START--
INFO: Run Behavior\ReadHtmlCacheBehavior [ RunTime:0.001179s ]
INFO: [ app_begin ] --END-- [ RunTime:0.001449s ]
NOTIC: [8] Undefined index: user C:\wamp\www\pBlog\Blog\Home\Controller\IndexController.class.php 第 160 行.
SQL: SHOW COLUMNS FROM `liuyan` [ RunTime:0.0048s ]
SQL: SELECT COUNT(*) AS tp_count FROM `liuyan` LIMIT 1   [ RunTime:0.0007s ]
SQL: SELECT * FROM `liuyan` ORDER BY id desc LIMIT 10,10   [ RunTime:0.0005s ]
INFO: [ view_parse ] --START--
INFO: [ template_filter ] --START--
INFO: Run Behavior\ContentReplaceBehavior [ RunTime:0.000147s ]
INFO: [ template_filter ] --END-- [ RunTime:0.000307s ]
INFO: Run Behavior\ParseTemplateBehavior [ RunTime:0.015128s ]
INFO: [ view_parse ] --END-- [ RunTime:0.015329s ]
INFO: [ view_filter ] --START--
INFO: Run Behavior\WriteHtmlCacheBehavior [ RunTime:0.000647s ]
INFO: [ view_filter ] --END-- [ RunTime:0.000784s ]
INFO: [ app_end ] --START--
INFO: Run Behavior\ShowPageTraceBehavior [ RunTime:0.001020s ]
INFO: [ app_end ] --END-- [ RunTime:0.001221s ]

[ 2017-03-20T16:44:47+08:00 ] ::1 /pblog/Index.php/Home/Index/guestbook/p/1.html
INFO: [ app_init ] --START--
INFO: Run Behavior\BuildLiteBehavior [ RunTime:0.000034s ]
INFO: [ app_init ] --END-- [ RunTime:0.000658s ]
INFO: [ app_begin ] --START--
INFO: Run Behavior\ReadHtmlCacheBehavior [ RunTime:0.002448s ]
INFO: [ app_begin ] --END-- [ RunTime:0.002770s ]
NOTIC: [8] Undefined index: user C:\wamp\www\pBlog\Blog\Home\Controller\IndexController.class.php 第 160 行.
SQL: SHOW COLUMNS FROM `liuyan` [ RunTime:0.0034s ]
SQL: SELECT COUNT(*) AS tp_count FROM `liuyan` LIMIT 1   [ RunTime:0.0002s ]
SQL: SELECT * FROM `liuyan` ORDER BY id desc LIMIT 0,10   [ RunTime:0.0003s ]
INFO: [ view_parse ] --START--
INFO: [ template_filter ] --START--
INFO: Run Behavior\ContentReplaceBehavior [ RunTime:0.000143s ]
INFO: [ template_filter ] --END-- [ RunTime:0.000364s ]
INFO: Run Behavior\ParseTemplateBehavior [ RunTime:0.016041s ]
INFO: [ view_parse ] --END-- [ RunTime:0.016234s ]
INFO: [ view_filter ] --START--
INFO: Run Behavior\WriteHtmlCacheBehavior [ RunTime:0.000441s ]
INFO: [ view_filter ] --END-- [ RunTime:0.000590s ]
INFO: [ app_end ] --START--
INFO: Run Behavior\ShowPageTraceBehavior [ RunTime:0.003239s ]
INFO: [ app_end ] --END-- [ RunTime:0.003528s ]

[ 2017-03-20T16:47:43+08:00 ] ::1 /pblog/Index.php/Home/Index/guestbook/p/1.html
INFO: [ app_init ] --START--
INFO: Run Behavior\BuildLiteBehavior [ RunTime:0.000034s ]
INFO: [ app_init ] --END-- [ RunTime:0.000570s ]
INFO: [ app_begin ] --START--
INFO: Run Behavior\ReadHtmlCacheBehavior [ RunTime:0.001127s ]
INFO: [ app_begin ] --END-- [ RunTime:0.001338s ]
NOTIC: [8] Undefined index: user C:\wamp\www\pBlog\Blog\Home\Controller\IndexController.class.php 第 160 行.
SQL: SHOW COLUMNS FROM `liuyan` [ RunTime:0.0046s ]
SQL: SELECT COUNT(*) AS tp_count FROM `liuyan` LIMIT 1   [ RunTime:0.0003s ]
SQL: SELECT * FROM `liuyan` ORDER BY id desc LIMIT 0,10   [ RunTime:0.0004s ]

[ 2017-03-20T16:48:01+08:00 ] ::1 /pblog/Index.php/Home/Index/guestbook/p/2.html
INFO: [ app_init ] --START--
INFO: Run Behavior\BuildLiteBehavior [ RunTime:0.000031s ]
INFO: [ app_init ] --END-- [ RunTime:0.000519s ]
INFO: [ app_begin ] --START--
INFO: Run Behavior\ReadHtmlCacheBehavior [ RunTime:0.000972s ]
INFO: [ app_begin ] --END-- [ RunTime:0.001118s ]
NOTIC: [8] Undefined index: user C:\wamp\www\pBlog\Blog\Home\Controller\IndexController.class.php 第 160 行.
SQL: SHOW COLUMNS FROM `liuyan` [ RunTime:0.0038s ]
SQL: SELECT COUNT(*) AS tp_count FROM `liuyan` LIMIT 1   [ RunTime:0.0008s ]
SQL: SELECT * FROM `liuyan` ORDER BY id desc LIMIT 10,10   [ RunTime:0.0004s ]
INFO: [ view_parse ] --START--
INFO: [ template_filter ] --START--
INFO: Run Behavior\ContentReplaceBehavior [ RunTime:0.000144s ]
INFO: [ template_filter ] --END-- [ RunTime:0.000300s ]
INFO: Run Behavior\ParseTemplateBehavior [ RunTime:0.014183s ]
INFO: [ view_parse ] --END-- [ RunTime:0.014355s ]
INFO: [ view_filter ] --START--
INFO: Run Behavior\WriteHtmlCacheBehavior [ RunTime:0.000642s ]
INFO: [ view_filter ] --END-- [ RunTime:0.000780s ]
INFO: [ app_end ] --START--
INFO: Run Behavior\ShowPageTraceBehavior [ RunTime:0.001476s ]
INFO: [ app_end ] --END-- [ RunTime:0.001761s ]

[ 2017-03-20T16:48:07+08:00 ] ::1 /pblog/Index.php/Home/Index/guestbook/p/1.html
INFO: [ app_init ] --START--
INFO: Run Behavior\BuildLiteBehavior [ RunTime:0.000091s ]
INFO: [ app_init ] --END-- [ RunTime:0.001609s ]
INFO: [ app_begin ] --START--
INFO: Run Behavior\ReadHtmlCacheBehavior [ RunTime:0.001379s ]
INFO: [ app_begin ] --END-- [ RunTime:0.001579s ]
NOTIC: [8] Undefined index: user C:\wamp\www\pBlog\Blog\Home\Controller\IndexController.class.php 第 160 行.
SQL: SHOW COLUMNS FROM `liuyan` [ RunTime:0.0035s ]
SQL: SELECT COUNT(*) AS tp_count FROM `liuyan` LIMIT 1   [ RunTime:0.0003s ]
SQL: SELECT * FROM `liuyan` ORDER BY id desc LIMIT 0,10   [ RunTime:0.0009s ]
INFO: [ view_parse ] --START--
INFO: [ template_filter ] --START--
INFO: Run Behavior\ContentReplaceBehavior [ RunTime:0.000146s ]
INFO: [ template_filter ] --END-- [ RunTime:0.000312s ]
INFO: Run Behavior\ParseTemplateBehavior [ RunTime:0.016335s ]
INFO: [ view_parse ] --END-- [ RunTime:0.016545s ]
INFO: [ view_filter ] --START--
INFO: Run Behavior\WriteHtmlCacheBehavior [ RunTime:0.000659s ]
INFO: [ view_filter ] --END-- [ RunTime:0.000798s ]
INFO: [ app_end ] --START--
INFO: Run Behavior\ShowPageTraceBehavior [ RunTime:0.000933s ]
INFO: [ app_end ] --END-- [ RunTime:0.001095s ]

[ 2017-03-20T16:48:11+08:00 ] ::1 /pblog/Index.php/Home/Index/guestbook/p/1.html
INFO: [ app_init ] --START--
INFO: Run Behavior\BuildLiteBehavior [ RunTime:0.000120s ]
INFO: [ app_init ] --END-- [ RunTime:0.001808s ]
INFO: [ app_begin ] --START--
INFO: Run Behavior\ReadHtmlCacheBehavior [ RunTime:0.000943s ]
INFO: [ app_begin ] --END-- [ RunTime:0.001187s ]
NOTIC: [8] Undefined index: user C:\wamp\www\pBlog\Blog\Home\Controller\IndexController.class.php 第 160 行.
SQL: SHOW COLUMNS FROM `liuyan` [ RunTime:0.0038s ]
SQL: SELECT COUNT(*) AS tp_count FROM `liuyan` LIMIT 1   [ RunTime:0.0003s ]
SQL: SELECT * FROM `liuyan` ORDER BY id desc LIMIT 0,10   [ RunTime:0.0003s ]
INFO: [ view_parse ] --START--
INFO: [ template_filter ] --START--
INFO: Run Behavior\ContentReplaceBehavior [ RunTime:0.000233s ]
INFO: [ template_filter ] --END-- [ RunTime:0.000519s ]
INFO: Run Behavior\ParseTemplateBehavior [ RunTime:0.015776s ]
INFO: [ view_parse ] --END-- [ RunTime:0.015924s ]
INFO: [ view_filter ] --START--
INFO: Run Behavior\WriteHtmlCacheBehavior [ RunTime:0.000574s ]
INFO: [ view_filter ] --END-- [ RunTime:0.000706s ]
INFO: [ app_end ] --START--
INFO: Run Behavior\ShowPageTraceBehavior [ RunTime:0.000971s ]
INFO: [ app_end ] --END-- [ RunTime:0.001135s ]

[ 2017-03-20T16:48:13+08:00 ] ::1 /pblog/Index.php/Home/Index/guestbook/p/1.html
INFO: [ app_init ] --START--
INFO: Run Behavior\BuildLiteBehavior [ RunTime:0.000028s ]
INFO: [ app_init ] --END-- [ RunTime:0.000446s ]
INFO: [ app_begin ] --START--
INFO: Run Behavior\ReadHtmlCacheBehavior [ RunTime:0.000753s ]
INFO: [ app_begin ] --END-- [ RunTime:0.000904s ]
NOTIC: [8] Undefined index: user C:\wamp\www\pBlog\Blog\Home\Controller\IndexController.class.php 第 160 行.
SQL: SHOW COLUMNS FROM `liuyan` [ RunTime:0.0036s ]
SQL: SELECT COUNT(*) AS tp_count FROM `liuyan` LIMIT 1   [ RunTime:0.0003s ]
SQL: SELECT * FROM `liuyan` ORDER BY id desc LIMIT 0,10   [ RunTime:0.0003s ]
INFO: [ view_parse ] --START--
INFO: [ template_filter ] --START--
INFO: Run Behavior\ContentReplaceBehavior [ RunTime:0.000138s ]
INFO: [ template_filter ] --END-- [ RunTime:0.000301s ]
INFO: Run Behavior\ParseTemplateBehavior [ RunTime:0.016296s ]
INFO: [ view_parse ] --END-- [ RunTime:0.016449s ]
INFO: [ view_filter ] --START--
INFO: Run Behavior\WriteHtmlCacheBehavior [ RunTime:0.000584s ]
INFO: [ view_filter ] --END-- [ RunTime:0.000735s ]
INFO: [ app_end ] --START--
INFO: Run Behavior\ShowPageTraceBehavior [ RunTime:0.001190s ]
INFO: [ app_end ] --END-- [ RunTime:0.001457s ]

[ 2017-03-20T16:49:40+08:00 ] ::1 /pblog/Index.php/Home/Index/guestbook/p/1.html
INFO: [ app_init ] --START--
INFO: Run Behavior\BuildLiteBehavior [ RunTime:0.000028s ]
INFO: [ app_init ] --END-- [ RunTime:0.000490s ]
INFO: [ app_begin ] --START--
INFO: Run Behavior\ReadHtmlCacheBehavior [ RunTime:0.000763s ]
INFO: [ app_begin ] --END-- [ RunTime:0.000979s ]

[ 2017-03-20T16:49:59+08:00 ] ::1 /pblog/Index.php/Home/Index/guestbook/p/2.html
INFO: [ app_init ] --START--
INFO: Run Behavior\BuildLiteBehavior [ RunTime:0.000048s ]
INFO: [ app_init ] --END-- [ RunTime:0.000630s ]
INFO: [ app_begin ] --START--
INFO: Run Behavior\ReadHtmlCacheBehavior [ RunTime:0.000761s ]
INFO: [ app_begin ] --END-- [ RunTime:0.000941s ]
NOTIC: [8] Undefined index: user C:\wamp\www\pBlog\Blog\Home\Controller\IndexController.class.php 第 160 行.
SQL: SHOW COLUMNS FROM `liuyan` [ RunTime:0.0038s ]
SQL: SELECT COUNT(*) AS tp_count FROM `liuyan` LIMIT 1   [ RunTime:0.0004s ]
SQL: SELECT * FROM `liuyan` ORDER BY id desc LIMIT 10,10   [ RunTime:0.0003s ]
INFO: [ view_parse ] --START--
INFO: [ template_filter ] --START--
INFO: Run Behavior\ContentReplaceBehavior [ RunTime:0.000149s ]
INFO: [ template_filter ] --END-- [ RunTime:0.000313s ]
INFO: Run Behavior\ParseTemplateBehavior [ RunTime:0.015082s ]
INFO: [ view_parse ] --END-- [ RunTime:0.015235s ]
INFO: [ view_filter ] --START--
INFO: Run Behavior\WriteHtmlCacheBehavior [ RunTime:0.000598s ]
INFO: [ view_filter ] --END-- [ RunTime:0.000773s ]
INFO: [ app_end ] --START--
INFO: Run Behavior\ShowPageTraceBehavior [ RunTime:0.001012s ]
INFO: [ app_end ] --END-- [ RunTime:0.001166s ]

[ 2017-03-20T16:50:03+08:00 ] ::1 /pblog/Index.php/Home/Index/guestbook/p/1.html
INFO: [ app_init ] --START--
INFO: Run Behavior\BuildLiteBehavior [ RunTime:0.000071s ]
INFO: [ app_init ] --END-- [ RunTime:0.001629s ]
INFO: [ app_begin ] --START--
INFO: Run Behavior\ReadHtmlCacheBehavior [ RunTime:0.001163s ]
INFO: [ app_begin ] --END-- [ RunTime:0.001357s ]
NOTIC: [8] Undefined index: user C:\wamp\www\pBlog\Blog\Home\Controller\IndexController.class.php 第 160 行.
SQL: SHOW COLUMNS FROM `liuyan` [ RunTime:0.0033s ]
SQL: SELECT COUNT(*) AS tp_count FROM `liuyan` LIMIT 1   [ RunTime:0.0002s ]
SQL: SELECT * FROM `liuyan` ORDER BY id desc LIMIT 0,10   [ RunTime:0.0003s ]
INFO: [ view_parse ] --START--
INFO: [ template_filter ] --START--
INFO: Run Behavior\ContentReplaceBehavior [ RunTime:0.000144s ]
INFO: [ template_filter ] --END-- [ RunTime:0.000308s ]
INFO: Run Behavior\ParseTemplateBehavior [ RunTime:0.015774s ]
INFO: [ view_parse ] --END-- [ RunTime:0.015993s ]
INFO: [ view_filter ] --START--
INFO: Run Behavior\WriteHtmlCacheBehavior [ RunTime:0.002465s ]
INFO: [ view_filter ] --END-- [ RunTime:0.002673s ]
INFO: [ app_end ] --START--
INFO: Run Behavior\ShowPageTraceBehavior [ RunTime:0.001436s ]
INFO: [ app_end ] --END-- [ RunTime:0.001697s ]

[ 2017-03-20T17:07:44+08:00 ] ::1 /pblog/Index.php/Home/Index/guestbook/p/1.html
INFO: [ app_init ] --START--
INFO: Run Behavior\BuildLiteBehavior [ RunTime:0.000059s ]
INFO: [ app_init ] --END-- [ RunTime:0.000748s ]
INFO: [ app_begin ] --START--
INFO: Run Behavior\ReadHtmlCacheBehavior [ RunTime:0.001273s ]
INFO: [ app_begin ] --END-- [ RunTime:0.001658s ]
NOTIC: [8] Undefined index: user C:\wamp\www\pBlog\Blog\Home\Controller\IndexController.class.php 第 160 行.
SQL: SHOW COLUMNS FROM `liuyan` [ RunTime:0.0040s ]
SQL: SELECT COUNT(*) AS tp_count FROM `liuyan` LIMIT 1   [ RunTime:0.0003s ]
SQL: SELECT * FROM `liuyan` ORDER BY id desc LIMIT 0,10   [ RunTime:0.0002s ]

[ 2017-03-20T17:07:54+08:00 ] ::1 /pblog/Index.php/Home/Index/guestbook/p/2.html
INFO: [ app_init ] --START--
INFO: Run Behavior\BuildLiteBehavior [ RunTime:0.000626s ]
INFO: [ app_init ] --END-- [ RunTime:0.001819s ]
INFO: [ app_begin ] --START--
INFO: Run Behavior\ReadHtmlCacheBehavior [ RunTime:0.000734s ]
INFO: [ app_begin ] --END-- [ RunTime:0.000903s ]
NOTIC: [8] Undefined index: user C:\wamp\www\pBlog\Blog\Home\Controller\IndexController.class.php 第 160 行.
SQL: SHOW COLUMNS FROM `liuyan` [ RunTime:0.0046s ]
SQL: SELECT COUNT(*) AS tp_count FROM `liuyan` LIMIT 1   [ RunTime:0.0003s ]
SQL: SELECT * FROM `liuyan` ORDER BY id desc LIMIT 10,10   [ RunTime:0.0004s ]
NOTIC: [8] Undefined offset: 1 C:\wamp\www\pBlog\Blog\Home\Controller\IndexController.class.php 第 187 行.
NOTIC: [8] Undefined offset: 1 C:\wamp\www\pBlog\Blog\Home\Controller\IndexController.class.php 第 187 行.
NOTIC: [8] Undefined offset: 1 C:\wamp\www\pBlog\Blog\Home\Controller\IndexController.class.php 第 187 行.
NOTIC: [8] Undefined offset: 1 C:\wamp\www\pBlog\Blog\Home\Controller\IndexController.class.php 第 187 行.
NOTIC: [8] Undefined offset: 1 C:\wamp\www\pBlog\Blog\Home\Controller\IndexController.class.php 第 187 行.
NOTIC: [8] Undefined offset: 1 C:\wamp\www\pBlog\Blog\Home\Controller\IndexController.class.php 第 187 行.
NOTIC: [8] Undefined offset: 1 C:\wamp\www\pBlog\Blog\Home\Controller\IndexController.class.php 第 187 行.
NOTIC: [8] Undefined offset: 1 C:\wamp\www\pBlog\Blog\Home\Controller\IndexController.class.php 第 187 行.
NOTIC: [8] Undefined offset: 1 C:\wamp\www\pBlog\Blog\Home\Controller\IndexController.class.php 第 187 行.
NOTIC: [8] Undefined offset: 1 C:\wamp\www\pBlog\Blog\Home\Controller\IndexController.class.php 第 187 行.
INFO: [ view_parse ] --START--
INFO: [ template_filter ] --START--
INFO: Run Behavior\ContentReplaceBehavior [ RunTime:0.000247s ]
INFO: [ template_filter ] --END-- [ RunTime:0.000502s ]
INFO: Run Behavior\ParseTemplateBehavior [ RunTime:0.019530s ]
INFO: [ view_parse ] --END-- [ RunTime:0.019702s ]
INFO: [ view_filter ] --START--
INFO: Run Behavior\WriteHtmlCacheBehavior [ RunTime:0.000757s ]
INFO: [ view_filter ] --END-- [ RunTime:0.000938s ]
NOTIC: [2] Cannot modify header information - headers already sent by (output started at C:\wamp\www\pBlog\Blog\Home\Controller\IndexController.class.php:189) C:\wamp\www\pBlog\ThinkPHP\Library\Think\View.class.php 第 91 行.
NOTIC: [2] Cannot modify header information - headers already sent by (output started at C:\wamp\www\pBlog\Blog\Home\Controller\IndexController.class.php:189) C:\wamp\www\pBlog\ThinkPHP\Library\Think\View.class.php 第 92 行.
NOTIC: [2] Cannot modify header information - headers already sent by (output started at C:\wamp\www\pBlog\Blog\Home\Controller\IndexController.class.php:189) C:\wamp\www\pBlog\ThinkPHP\Library\Think\View.class.php 第 93 行.
INFO: [ app_end ] --START--
INFO: Run Behavior\ShowPageTraceBehavior [ RunTime:0.001024s ]
INFO: [ app_end ] --END-- [ RunTime:0.001214s ]

[ 2017-03-20T17:08:38+08:00 ] ::1 /pblog/Index.php/Home/Index/guestbook/p/2.html
INFO: [ app_init ] --START--
INFO: Run Behavior\BuildLiteBehavior [ RunTime:0.000033s ]
INFO: [ app_init ] --END-- [ RunTime:0.000580s ]
INFO: [ app_begin ] --START--
INFO: Run Behavior\ReadHtmlCacheBehavior [ RunTime:0.000867s ]
INFO: [ app_begin ] --END-- [ RunTime:0.001034s ]
NOTIC: [8] Undefined index: user C:\wamp\www\pBlog\Blog\Home\Controller\IndexController.class.php 第 160 行.
SQL: SHOW COLUMNS FROM `liuyan` [ RunTime:0.0039s ]
SQL: SELECT COUNT(*) AS tp_count FROM `liuyan` LIMIT 1   [ RunTime:0.0004s ]
SQL: SELECT * FROM `liuyan` ORDER BY id desc LIMIT 10,10   [ RunTime:0.0005s ]
INFO: [ view_parse ] --START--
INFO: [ template_filter ] --START--
INFO: Run Behavior\ContentReplaceBehavior [ RunTime:0.000200s ]
INFO: [ template_filter ] --END-- [ RunTime:0.000358s ]
INFO: Run Behavior\ParseTemplateBehavior [ RunTime:0.014804s ]
INFO: [ view_parse ] --END-- [ RunTime:0.014974s ]
INFO: [ view_filter ] --START--
INFO: Run Behavior\WriteHtmlCacheBehavior [ RunTime:0.000603s ]
INFO: [ view_filter ] --END-- [ RunTime:0.000739s ]
INFO: [ app_end ] --START--
INFO: Run Behavior\ShowPageTraceBehavior [ RunTime:0.001181s ]
INFO: [ app_end ] --END-- [ RunTime:0.001333s ]

