[ 2017-04-21T09:35:09+08:00 ] ::1 /pblog/
INFO: [ app_init ] --START--
INFO: Run Behavior\BuildLiteBehavior [ RunTime:0.000029s ]
INFO: [ app_init ] --END-- [ RunTime:0.001494s ]
INFO: [ app_begin ] --START--
INFO: Run Behavior\ReadHtmlCacheBehavior [ RunTime:0.001059s ]
INFO: [ app_begin ] --END-- [ RunTime:0.001217s ]
NOTIC: [8] Undefined index: user C:\wamp\www\pBlog\Blog\Home\Controller\IndexController.class.php 第 8 行.
INFO: [ view_parse ] --START--
INFO: [ template_filter ] --START--
INFO: Run Behavior\ContentReplaceBehavior [ RunTime:0.000714s ]
INFO: [ template_filter ] --END-- [ RunTime:0.000919s ]
INFO: Run Behavior\ParseTemplateBehavior [ RunTime:0.014984s ]
INFO: [ view_parse ] --END-- [ RunTime:0.015130s ]
INFO: [ view_filter ] --START--
INFO: Run Behavior\WriteHtmlCacheBehavior [ RunTime:0.000917s ]
INFO: [ view_filter ] --END-- [ RunTime:0.001045s ]
INFO: [ app_end ] --START--
INFO: Run Behavior\ShowPageTraceBehavior [ RunTime:0.001427s ]
INFO: [ app_end ] --END-- [ RunTime:0.001635s ]

